Handling lib "rpc-service-fs"...
Handling lib "ca-bundle"...
Handling lib "mjs".Success, built doorlock/esp8266 version 1.0 (20190630-042608).
Firmware saved to C:\mos\doorlock\build\fw.zip
blynk"...
Handling lib "rpc-service-config"...
Handling lib "core"...
Handling lib "wifi"...
Handling lib "rpc-uart"...
Handling lib "provision"...
rpc-service-fs: Checking out 2.14.0...
wifi: Checking out 2.14.0...
core: Checking out 2.14.0...
zz_boards: Checking out 2.14.0...
provision: Checking out 2.14.0...
rpc-service-config: Checking out 2.14.0...
ca-bundle: Checking out 2.14.0...
mjs: Checking out 2.14.0...
http-server: Checking out 2.14.0...
blynk: Checking out 2.14.0...
rpc-uart: Checking out 2.14.0...
rpc-service-fs: Done, hash 5f252c2fa5ba989c09f734a4c407bcfef3699e38
rpc-service-fs: Hash unchanged at 5f252c2fa5ba989c09f734a4c407bcfef3699e38 (dir "/data/fwbuild-volumes/2.14.0/apps/doorlock/esp8266/build_contexts/build_ctx_709415434/deps/rpc-service-fs")
rpc-service-fs: Prepared local dir: "/data/fwbuild-volumes/2.14.0/apps/doorlock/esp8266/build_contexts/build_ctx_709415434/deps/rpc-service-fs"
rpc-service-wifi: Checking out 2.14.0...
wifi: Done, hash 328e3d98c1c81163ecbda6cab18e53f1430b4f4e
rpc-service-config: Done, hash b30e187977d8dafcb4297cff60e036855a7ff531
mjs: Done, hash 63b401295ff3988e8367ddff6e513338bc9876c2
core: Done, hash 90f56f1e361c7d25ef8c2e3b9a83ef0369760f2e
zz_boards: Done, hash 897a76f9b7306751dea4596f38df4486548ae2da
provision: Done, hash 86b02414390c2237219cf1a3720c1e78b54d8e78
wifi: Hash unchanged at 328e3d98c1c81163ecbda6cab18e53f1430b4f4e (dir "/data/fwbuild-volumes/2.14.0/apps/doorlock/esp8266/build_contexts/build_ctx_709415434/deps/wifi")
rpc-service-config: Hash unchanged at b30e187977d8dafcb4297cff60e036855a7ff531 (dir "/data/fwbuild-volumes/2.14.0/apps/doorlock/esp8266/build_contexts/build_ctx_709415434/deps/rpc-service-config")
http-server: Done, hash 3854855a6342a1faed05a9c3511b93d3dc8d5389
wifi: Prepared local dir: "/data/fwbuild-volumes/2.14.0/apps/doorlock/esp8266/build_contexts/build_ctx_709415434/deps/wifi"
rpc-service-config: Prepared local dir: "/data/fwbuild-volumes/2.14.0/apps/doorlock/esp8266/build_contexts/build_ctx_709415434/deps/rpc-service-config"
ca-bundle: Done, hash d5a470b260e3485660ffed6b5b1c7c961bd2b88c
mjs: Hash unchanged at 63b401295ff3988e8367ddff6e513338bc9876c2 (dir "/data/fwbuild-volumes/2.14.0/apps/doorlock/esp8266/build_contexts/build_ctx_709415434/deps/mjs")
mjs: Prepared local dir: "/data/fwbuild-volumes/2.14.0/apps/doorlock/esp8266/build_contexts/build_ctx_709415434/deps/mjs"
core: Hash unchanged at 90f56f1e361c7d25ef8c2e3b9a83ef0369760f2e (dir "/data/fwbuild-volumes/2.14.0/apps/doorlock/esp8266/build_contexts/build_ctx_709415434/deps/core")
core: Prepared local dir: "/data/fwbuild-volumes/2.14.0/apps/doorlock/esp8266/build_contexts/build_ctx_709415434/deps/core"
zz_boards: Hash unchanged at 897a76f9b7306751dea4596f38df4486548ae2da (dir "/data/fwbuild-volumes/2.14.0/apps/doorlock/esp8266/build_contexts/build_ctx_709415434/deps/boards")
zz_boards: Prepared local dir: "/data/fwbuild-volumes/2.14.0/apps/doorlock/esp8266/build_contexts/build_ctx_709415434/deps/boards"
provision: Hash unchanged at 86b02414390c2237219cf1a3720c1e78b54d8e78 (dir "/data/fwbuild-volumes/2.14.0/apps/doorlock/esp8266/build_contexts/build_ctx_709415434/deps/provision")
provision: Prepared local dir: "/data/fwbuild-volumes/2.14.0/apps/doorlock/esp8266/build_contexts/build_ctx_709415434/deps/provision"
ca-bundle: Hash unchanged at d5a470b260e3485660ffed6b5b1c7c961bd2b88c (dir "/data/fwbuild-volumes/2.14.0/apps/doorlock/esp8266/build_contexts/build_ctx_709415434/deps/ca-bundle")
ca-bundle: Prepared local dir: "/data/fwbuild-volumes/2.14.0/apps/doorlock/esp8266/build_contexts/build_ctx_709415434/deps/ca-bundle"
http-server: Hash unchanged at 3854855a6342a1faed05a9c3511b93d3dc8d5389 (dir "/data/fwbuild-volumes/2.14.0/apps/doorlock/esp8266/build_contexts/build_ctx_709415434/deps/http-server")
http-server: Prepared local dir: "/data/fwbuild-volumes/2.14.0/apps/doorlock/esp8266/build_contexts/build_ctx_709415434/deps/http-server"
blynk: Done, hash 33bcc8de920f030c074e6aee5bac0cbfec67036e
rpc-uart: Done, hash 4c68e5d7b3eecb19ccc6128f111a118384ed20b4
blynk: Hash unchanged at 33bcc8de920f030c074e6aee5bac0cbfec67036e (dir "/data/fwbuild-volumes/2.14.0/apps/doorlock/esp8266/build_contexts/build_ctx_709415434/deps/blynk")
blynk: Prepared local dir: "/data/fwbuild-volumes/2.14.0/apps/doorlock/esp8266/build_contexts/build_ctx_709415434/deps/blynk"
rpc-uart: Hash unchanged at 4c68e5d7b3eecb19ccc6128f111a118384ed20b4 (dir "/data/fwbuild-volumes/2.14.0/apps/doorlock/esp8266/build_contexts/build_ctx_709415434/deps/rpc-uart")
rpc-uart: Prepared local dir: "/data/fwbuild-volumes/2.14.0/apps/doorlock/esp8266/build_contexts/build_ctx_709415434/deps/rpc-uart"
rpc-service-wifi: Done, hash f81dd84dc9dd069c16fd37e5639dcc9d7d243b0d
rpc-service-wifi: Hash unchanged at f81dd84dc9dd069c16fd37e5639dcc9d7d243b0d (dir "/data/fwbuild-volumes/2.14.0/apps/doorlock/esp8266/build_contexts/build_ctx_709415434/deps/rpc-service-wifi")
rpc-service-wifi: Prepared local dir: "/data/fwbuild-volumes/2.14.0/apps/doorlock/esp8266/build_contexts/build_ctx_709415434/deps/rpc-service-wifi"
Handling lib "rpc-common"...
rpc-common: Checking out 2.14.0...
rpc-common: Done, hash 144bb0c1913d115526016ded17e84036a44ea4ba
rpc-common: Hash unchanged at 144bb0c1913d115526016ded17e84036a44ea4ba (dir "/data/fwbuild-volumes/2.14.0/apps/doorlock/esp8266/build_contexts/build_ctx_709415434/deps/rpc-common")
rpc-common: Prepared local dir: "/data/fwbuild-volumes/2.14.0/apps/doorlock/esp8266/build_contexts/build_ctx_709415434/deps/rpc-common"
Handling lib "mongoose"...
mongoose: Checking out 2.14.0...
mongoose: Done, hash 5d2c8fd28e20d7041a1540c3022b721fdde97de4
mongoose: Hash unchanged at 5d2c8fd28e20d7041a1540c3022b721fdde97de4 (dir "/data/fwbuild-volumes/2.14.0/apps/doorlock/esp8266/build_contexts/build_ctx_709415434/deps/mongoose")
mongoose: Prepared local dir: "/data/fwbuild-volumes/2.14.0/apps/doorlock/esp8266/build_contexts/build_ctx_709415434/deps/mongoose"
Handling lib "mbedtls"...
Handling lib "vfs-common"...
vfs-common: Checking out 2.14.0...
vfs-common: Done, hash ae048a19d8f17f332d66fb42d1b072e8fde2b3fa
vfs-common: Hash unchanged at ae048a19d8f17f332d66fb42d1b072e8fde2b3fa (dir "/data/fwbuild-volumes/2.14.0/apps/doorlock/esp8266/build_contexts/build_ctx_709415434/deps/vfs-common")
vfs-common: Prepared local dir: "/data/fwbuild-volumes/2.14.0/apps/doorlock/esp8266/build_contexts/build_ctx_709415434/deps/vfs-common"
mbedtls: Checking out 2.14.0...
mbedtls: Done, hash a98f87ef6ef18777c95afb71b2884615d8971be6
mbedtls: Hash unchanged at a98f87ef6ef18777c95afb71b2884615d8971be6 (dir "/data/fwbuild-volumes/2.14.0/apps/doorlock/esp8266/build_contexts/build_ctx_709415434/deps/mbedtls")
mbedtls: Prepared local dir: "/data/fwbuild-volumes/2.14.0/apps/doorlock/esp8266/build_contexts/build_ctx_709415434/deps/mbedtls"
Handling lib "atca"...
atca: Checking out 2.14.0...
atca: Done, hash f27a1b85d87e373f8c10aadd7227af020d997aef
atca: Hash unchanged at f27a1b85d87e373f8c10aadd7227af020d997aef (dir "/data/fwbuild-volumes/2.14.0/apps/doorlock/esp8266/build_contexts/build_ctx_709415434/deps/atca")
atca: Prepared local dir: "/data/fwbuild-volumes/2.14.0/apps/doorlock/esp8266/build_contexts/build_ctx_709415434/deps/atca"
Handling lib "i2c"...
i2c: Checking out 2.14.0...
i2c: Done, hash a020b0e8be3a2d89e5392e57874d9e650369b4c7
i2c: Hash unchanged at a020b0e8be3a2d89e5392e57874d9e650369b4c7 (dir "/data/fwbuild-volumes/2.14.0/apps/doorlock/esp8266/build_contexts/build_ctx_709415434/deps/i2c")
i2c: Prepared local dir: "/data/fwbuild-volumes/2.14.0/apps/doorlock/esp8266/build_contexts/build_ctx_709415434/deps/i2c"
Handling lib "vfs-dev-part"...
Handling lib "vfs-fs-spiffs"...
vfs-dev-part: Checking out 2.14.0...
vfs-dev-part: Done, hash 94426df449f807e4268e1d1a3ee5146da85902da
vfs-dev-part: Hash unchanged at 94426df449f807e4268e1d1a3ee5146da85902da (dir "/data/fwbuild-volumes/2.14.0/apps/doorlock/esp8266/build_contexts/build_ctx_709415434/deps/vfs-dev-part")
vfs-dev-part: Prepared local dir: "/data/fwbuild-volumes/2.14.0/apps/doorlock/esp8266/build_contexts/build_ctx_709415434/deps/vfs-dev-part"
vfs-fs-spiffs: Checking out 2.14.0...
vfs-fs-spiffs: Done, hash 6fef5f74fc5f8e07b6324759066c0e9d06653693
vfs-fs-spiffs: Hash unchanged at 6fef5f74fc5f8e07b6324759066c0e9d06653693 (dir "/data/fwbuild-volumes/2.14.0/apps/doorlock/esp8266/build_contexts/build_ctx_709415434/deps/vfs-fs-spiffs")
vfs-fs-spiffs: Prepared local dir: "/data/fwbuild-volumes/2.14.0/apps/doorlock/esp8266/build_contexts/build_ctx_709415434/deps/vfs-fs-spiffs"
The flag --module is not given for the module "mjs_module", going to use the repository
mjs_module: Checking out 2.14.0...
mjs_module: Done, hash 6334bd6b46fe1cf84ca3bedc763107b549f174d0
The flag --repo is not given, going to use mongoose-os repository
mongoose-os: Checking out 2.14.0...
mongoose-os: Done, hash ce86552794fa9c7de45fd4d4897757ca893221fb
Prebuilt binary for "mbedtls" already exists at "/data/fwbuild-volumes/2.14.0/apps/doorlock/esp8266/build_contexts/build_ctx_709415434/build/objs/libmbedtls-esp8266-2.14.0.a"
Prebuilt binary for "mongoose" already exists at "/data/fwbuild-volumes/2.14.0/apps/doorlock/esp8266/build_contexts/build_ctx_709415434/build/objs/libmongoose-esp8266-2.14.0.a"
== Manifest has changed, forcing a clean rebuild...
Handling lib "rpc-service-config"...
Handling lib "zz_boards"...
Handling lib "rpc-uart"...
Handling lib "wifi"...
Handling lib "rpc-service-wifi"...
Handling lib "core"...
Handling lib "ca-bundle"...
Handling lib "mjs"...
Handling lib "blynk"...
Handling lib "provision"...
Handling lib "rpc-service-fs"...
Handling lib "http-server"...
rpc-service-config: Checking out 2.14.0...
blynk: Checking out 2.14.0...
rpc-uart: Checking out 2.14.0...
mjs: Checking out 2.14.0...
wifi: Checking out 2.14.0...
zz_boards: Checking out 2.14.0...
core: Checking out 2.14.0...
rpc-service-wifi: Checking out 2.14.0...
rpc-service-config: Done, hash b30e187977d8dafcb4297cff60e036855a7ff531
provision: Checking out 2.14.0...
rpc-service-config: Hash unchanged at b30e187977d8dafcb4297cff60e036855a7ff531 (dir "/data/fwbuild-volumes/2.14.0/apps/doorlock/esp8266/build_contexts/build_ctx_709415434/deps/rpc-service-config")
rpc-service-config: Prepared local dir: "/data/fwbuild-volumes/2.14.0/apps/doorlock/esp8266/build_contexts/build_ctx_709415434/deps/rpc-service-config"
mjs: Done, hash 63b401295ff3988e8367ddff6e513338bc9876c2
rpc-uart: Done, hash 4c68e5d7b3eecb19ccc6128f111a118384ed20b4
wifi: Done, hash 328e3d98c1c81163ecbda6cab18e53f1430b4f4e
mjs: Hash unchanged at 63b401295ff3988e8367ddff6e513338bc9876c2 (dir "/data/fwbuild-volumes/2.14.0/apps/doorlock/esp8266/build_contexts/build_ctx_709415434/deps/mjs")
mjs: Prepared local dir: "/data/fwbuild-volumes/2.14.0/apps/doorlock/esp8266/build_contexts/build_ctx_709415434/deps/mjs"
rpc-uart: Hash unchanged at 4c68e5d7b3eecb19ccc6128f111a118384ed20b4 (dir "/data/fwbuild-volumes/2.14.0/apps/doorlock/esp8266/build_contexts/build_ctx_709415434/deps/rpc-uart")
rpc-uart: Prepared local dir: "/data/fwbuild-volumes/2.14.0/apps/doorlock/esp8266/build_contexts/build_ctx_709415434/deps/rpc-uart"
wifi: Hash unchanged at 328e3d98c1c81163ecbda6cab18e53f1430b4f4e (dir "/data/fwbuild-volumes/2.14.0/apps/doorlock/esp8266/build_contexts/build_ctx_709415434/deps/wifi")
wifi: Prepared local dir: "/data/fwbuild-volumes/2.14.0/apps/doorlock/esp8266/build_contexts/build_ctx_709415434/deps/wifi"
core: Done, hash 90f56f1e361c7d25ef8c2e3b9a83ef0369760f2e
zz_boards: Done, hash 897a76f9b7306751dea4596f38df4486548ae2da
rpc-service-fs: Checking out 2.14.0...
provision: Done, hash 86b02414390c2237219cf1a3720c1e78b54d8e78
blynk: Done, hash 33bcc8de920f030c074e6aee5bac0cbfec67036e
core: Hash unchanged at 90f56f1e361c7d25ef8c2e3b9a83ef0369760f2e (dir "/data/fwbuild-volumes/2.14.0/apps/doorlock/esp8266/build_contexts/build_ctx_709415434/deps/core")
core: Prepared local dir: "/data/fwbuild-volumes/2.14.0/apps/doorlock/esp8266/build_contexts/build_ctx_709415434/deps/core"
rpc-service-wifi: Done, hash f81dd84dc9dd069c16fd37e5639dcc9d7d243b0d
zz_boards: Hash unchanged at 897a76f9b7306751dea4596f38df4486548ae2da (dir "/data/fwbuild-volumes/2.14.0/apps/doorlock/esp8266/build_contexts/build_ctx_709415434/deps/boards")
zz_boards: Prepared local dir: "/data/fwbuild-volumes/2.14.0/apps/doorlock/esp8266/build_contexts/build_ctx_709415434/deps/boards"
provision: Hash unchanged at 86b02414390c2237219cf1a3720c1e78b54d8e78 (dir "/data/fwbuild-volumes/2.14.0/apps/doorlock/esp8266/build_contexts/build_ctx_709415434/deps/provision")
provision: Prepared local dir: "/data/fwbuild-volumes/2.14.0/apps/doorlock/esp8266/build_contexts/build_ctx_709415434/deps/provision"
blynk: Hash unchanged at 33bcc8de920f030c074e6aee5bac0cbfec67036e (dir "/data/fwbuild-volumes/2.14.0/apps/doorlock/esp8266/build_contexts/build_ctx_709415434/deps/blynk")
blynk: Prepared local dir: "/data/fwbuild-volumes/2.14.0/apps/doorlock/esp8266/build_contexts/build_ctx_709415434/deps/blynk"
rpc-service-wifi: Hash unchanged at f81dd84dc9dd069c16fd37e5639dcc9d7d243b0d (dir "/data/fwbuild-volumes/2.14.0/apps/doorlock/esp8266/build_contexts/build_ctx_709415434/deps/rpc-service-wifi")
rpc-service-wifi: Prepared local dir: "/data/fwbuild-volumes/2.14.0/apps/doorlock/esp8266/build_contexts/build_ctx_709415434/deps/rpc-service-wifi"
rpc-service-fs: Done, hash 5f252c2fa5ba989c09f734a4c407bcfef3699e38
http-server: Checking out 2.14.0...
rpc-service-fs: Hash unchanged at 5f252c2fa5ba989c09f734a4c407bcfef3699e38 (dir "/data/fwbuild-volumes/2.14.0/apps/doorlock/esp8266/build_contexts/build_ctx_709415434/deps/rpc-service-fs")
rpc-service-fs: Prepared local dir: "/data/fwbuild-volumes/2.14.0/apps/doorlock/esp8266/build_contexts/build_ctx_709415434/deps/rpc-service-fs"
ca-bundle: Checking out 2.14.0...
http-server: Done, hash 3854855a6342a1faed05a9c3511b93d3dc8d5389
http-server: Hash unchanged at 3854855a6342a1faed05a9c3511b93d3dc8d5389 (dir "/data/fwbuild-volumes/2.14.0/apps/doorlock/esp8266/build_contexts/build_ctx_709415434/deps/http-server")
http-server: Prepared local dir: "/data/fwbuild-volumes/2.14.0/apps/doorlock/esp8266/build_contexts/build_ctx_709415434/deps/http-server"
ca-bundle: Done, hash d5a470b260e3485660ffed6b5b1c7c961bd2b88c
ca-bundle: Hash unchanged at d5a470b260e3485660ffed6b5b1c7c961bd2b88c (dir "/data/fwbuild-volumes/2.14.0/apps/doorlock/esp8266/build_contexts/build_ctx_709415434/deps/ca-bundle")
ca-bundle: Prepared local dir: "/data/fwbuild-volumes/2.14.0/apps/doorlock/esp8266/build_contexts/build_ctx_709415434/deps/ca-bundle"
Handling lib "rpc-common"...
rpc-common: Checking out 2.14.0...
rpc-common: Done, hash 144bb0c1913d115526016ded17e84036a44ea4ba
rpc-common: Hash unchanged at 144bb0c1913d115526016ded17e84036a44ea4ba (dir "/data/fwbuild-volumes/2.14.0/apps/doorlock/esp8266/build_contexts/build_ctx_709415434/deps/rpc-common")
rpc-common: Prepared local dir: "/data/fwbuild-volumes/2.14.0/apps/doorlock/esp8266/build_contexts/build_ctx_709415434/deps/rpc-common"
Handling lib "mongoose"...
mongoose: Checking out 2.14.0...
mongoose: Done, hash 5d2c8fd28e20d7041a1540c3022b721fdde97de4
mongoose: Hash unchanged at 5d2c8fd28e20d7041a1540c3022b721fdde97de4 (dir "/data/fwbuild-volumes/2.14.0/apps/doorlock/esp8266/build_contexts/build_ctx_709415434/deps/mongoose")
mongoose: Prepared local dir: "/data/fwbuild-volumes/2.14.0/apps/doorlock/esp8266/build_contexts/build_ctx_709415434/deps/mongoose"
Handling lib "vfs-common"...
Handling lib "mbedtls"...
vfs-common: Checking out 2.14.0...
mbedtls: Checking out 2.14.0...
vfs-common: Done, hash ae048a19d8f17f332d66fb42d1b072e8fde2b3fa
vfs-common: Hash unchanged at ae048a19d8f17f332d66fb42d1b072e8fde2b3fa (dir "/data/fwbuild-volumes/2.14.0/apps/doorlock/esp8266/build_contexts/build_ctx_709415434/deps/vfs-common")
vfs-common: Prepared local dir: "/data/fwbuild-volumes/2.14.0/apps/doorlock/esp8266/build_contexts/build_ctx_709415434/deps/vfs-common"
mbedtls: Done, hash a98f87ef6ef18777c95afb71b2884615d8971be6
mbedtls: Hash unchanged at a98f87ef6ef18777c95afb71b2884615d8971be6 (dir "/data/fwbuild-volumes/2.14.0/apps/doorlock/esp8266/build_contexts/build_ctx_709415434/deps/mbedtls")
mbedtls: Prepared local dir: "/data/fwbuild-volumes/2.14.0/apps/doorlock/esp8266/build_contexts/build_ctx_709415434/deps/mbedtls"
Handling lib "atca"...
atca: Checking out 2.14.0...
atca: Done, hash f27a1b85d87e373f8c10aadd7227af020d997aef
atca: Hash unchanged at f27a1b85d87e373f8c10aadd7227af020d997aef (dir "/data/fwbuild-volumes/2.14.0/apps/doorlock/esp8266/build_contexts/build_ctx_709415434/deps/atca")
atca: Prepared local dir: "/data/fwbuild-volumes/2.14.0/apps/doorlock/esp8266/build_contexts/build_ctx_709415434/deps/atca"
Handling lib "i2c"...
i2c: Checking out 2.14.0...
i2c: Done, hash a020b0e8be3a2d89e5392e57874d9e650369b4c7
i2c: Hash unchanged at a020b0e8be3a2d89e5392e57874d9e650369b4c7 (dir "/data/fwbuild-volumes/2.14.0/apps/doorlock/esp8266/build_contexts/build_ctx_709415434/deps/i2c")
i2c: Prepared local dir: "/data/fwbuild-volumes/2.14.0/apps/doorlock/esp8266/build_contexts/build_ctx_709415434/deps/i2c"
Handling lib "vfs-dev-part"...
Handling lib "vfs-fs-spiffs"...
vfs-dev-part: Checking out 2.14.0...
vfs-fs-spiffs: Checking out 2.14.0...
vfs-dev-part: Done, hash 94426df449f807e4268e1d1a3ee5146da85902da
vfs-fs-spiffs: Done, hash 6fef5f74fc5f8e07b6324759066c0e9d06653693
vfs-dev-part: Hash unchanged at 94426df449f807e4268e1d1a3ee5146da85902da (dir "/data/fwbuild-volumes/2.14.0/apps/doorlock/esp8266/build_contexts/build_ctx_709415434/deps/vfs-dev-part")
vfs-dev-part: Prepared local dir: "/data/fwbuild-volumes/2.14.0/apps/doorlock/esp8266/build_contexts/build_ctx_709415434/deps/vfs-dev-part"
vfs-fs-spiffs: Hash unchanged at 6fef5f74fc5f8e07b6324759066c0e9d06653693 (dir "/data/fwbuild-volumes/2.14.0/apps/doorlock/esp8266/build_contexts/build_ctx_709415434/deps/vfs-fs-spiffs")
vfs-fs-spiffs: Prepared local dir: "/data/fwbuild-volumes/2.14.0/apps/doorlock/esp8266/build_contexts/build_ctx_709415434/deps/vfs-fs-spiffs"
The flag --module is not given for the module "mjs_module", going to use the repository
mjs_module: Checking out 2.14.0...
mjs_module: Done, hash 6334bd6b46fe1cf84ca3bedc763107b549f174d0
The flag --repo is not given, going to use mongoose-os repository
mongoose-os: Checking out 2.14.0...
mongoose-os: Done, hash ce86552794fa9c7de45fd4d4897757ca893221fb
Successfully fetched prebuilt binary for "mbedtls" to "/data/fwbuild-volumes/2.14.0/apps/doorlock/esp8266/build_contexts/build_ctx_709415434/build/objs/libmbedtls-esp8266-2.14.0.a"
Successfully fetched prebuilt binary for "mongoose" to "/data/fwbuild-volumes/2.14.0/apps/doorlock/esp8266/build_contexts/build_ctx_709415434/build/objs/libmongoose-esp8266-2.14.0.a"
Sources: [/data/fwbuild-volumes/2.14.0/apps/doorlock/esp8266/build_contexts/build_ctx_709415434/src/main.c /data/fwbuild-volumes/2.14.0/apps/doorlock/esp8266/build_contexts/build_ctx_709415434/build/gen/mgos_deps_init.c /data/fwbuild-volumes/2.14.0/apps/doorlock/esp8266/build_contexts/build_ctx_709415434/deps/i2c/src/mgos_i2c_master.c /data/fwbuild-volumes/2.14.0/apps/doorlock/esp8266/build_contexts/build_ctx_709415434/deps/i2c/src/gpio/gpio_i2c_master.c /data/fwbuild-volumes/2.14.0/apps/doorlock/esp8266/build_contexts/build_ctx_709415434/deps/atca/src/mgos_atca.c /data/fwbuild-volumes/2.14.0/apps/doorlock/esp8266/build_contexts/build_ctx_709415434/deps/atca/cryptoauthlib/lib/atca_cfgs.c /data/fwbuild-volumes/2.14.0/apps/doorlock/esp8266/build_contexts/build_ctx_709415434/deps/atca/cryptoauthlib/lib/atca_command.c /data/fwbuild-volumes/2.14.0/apps/doorlock/esp8266/build_contexts/build_ctx_709415434/deps/atca/cryptoauthlib/lib/atca_device.c /data/fwbuild-volumes/2.14.0/apps/doorlock/esp8266/build_contexts/build_ctx_709415434/deps/atca/cryptoauthlib/lib/atca_iface.c /data/fwbuild-volumes/2.14.0/apps/doorlock/esp8266/build_contexts/build_ctx_709415434/deps/atca/cryptoauthlib/lib/basic/atca_basic.c /data/fwbuild-volumes/2.14.0/apps/doorlock/esp8266/build_contexts/build_ctx_709415434/deps/atca/cryptoauthlib/lib/basic/atca_helpers.c /data/fwbuild-volumes/2.14.0/apps/doorlock/esp8266/build_contexts/build_ctx_709415434/deps/atca/cryptoauthlib/lib/host/atca_host.c /data/fwbuild-volumes/2.14.0/apps/doorlock/esp8266/build_contexts/build_ctx_709415434/deps/vfs-common/src/mgos_vfs.c /data/fwbuild-volumes/2.14.0/apps/doorlock/esp8266/build_contexts/build_ctx_709415434/deps/vfs-common/src/mgos_vfs_dev.c /data/fwbuild-volumes/2.14.0/apps/doorlock/esp8266/build_contexts/build_ctx_709415434/deps/vfs-common/src/mgos_vfs_internal.c /data/fwbuild-volumes/2.14.0/apps/doorlock/esp8266/build_contexts/build_ctx_709415434/deps/vfs-common/src/esp8266/esp_flash_writer.c /data/fwbuild-volumes/2.14.0/apps/doorlock/esp8266/build_contexts/build_ctx_709415434/deps/vfs-common/src/esp8266/esp_fs.c /data/fwbuild-volumes/2.14.0/apps/doorlock/esp8266/build_contexts/build_ctx_709415434/deps/vfs-common/src/esp8266/esp_vfs_dev_sysflash.c /data/fwbuild-volumes/2.14.0/apps/doorlock/esp8266/build_contexts/build_ctx_709415434/deps/vfs-dev-part/src/mgos_vfs_dev_part.c /data/fwbuild-volumes/2.14.0/apps/doorlock/esp8266/build_contexts/build_ctx_709415434/deps/vfs-fs-spiffs/src/mgos_vfs_fs_spiffs.c /data/fwbuild-volumes/2.14.0/apps/doorlock/esp8266/build_contexts/build_ctx_709415434/deps/vfs-fs-spiffs/src/spiffs/spiffs_cache.c /data/fwbuild-volumes/2.14.0/apps/doorlock/esp8266/build_contexts/build_ctx_709415434/deps/vfs-fs-spiffs/src/spiffs/spiffs_check.c /data/fwbuild-volumes/2.14.0/apps/doorlock/esp8266/build_contexts/build_ctx_709415434/deps/vfs-fs-spiffs/src/spiffs/spiffs_gc.c /data/fwbuild-volumes/2.14.0/apps/doorlock/esp8266/build_contexts/build_ctx_709415434/deps/vfs-fs-spiffs/src/spiffs/spiffs_hydrogen.c /data/fwbuild-volumes/2.14.0/apps/doorlock/esp8266/build_contexts/build_ctx_709415434/deps/vfs-fs-spiffs/src/spiffs/spiffs_nucleus.c /data/fwbuild-volumes/2.14.0/apps/doorlock/esp8266/build_contexts/build_ctx_709415434/deps/core/src/mgos_core.c /data/fwbuild-volumes/2.14.0/apps/doorlock/esp8266/build_contexts/build_ctx_709415434/deps/core/src/esp8266/esp_rboot.c /data/fwbuild-volumes/2.14.0/apps/doorlock/esp8266/build_contexts/build_ctx_709415434/deps/blynk/src/mgos_blynk.c /data/fwbuild-volumes/2.14.0/apps/doorlock/esp8266/build_contexts/build_ctx_709415434/deps/http-server/src/mgos_http_server.c /data/fwbuild-volumes/2.14.0/apps/doorlock/esp8266/build_contexts/build_ctx_709415434/deps/mjs/src/mos_mjs.c /data/fwbuild-volumes/2.14.0/apps/doorlock/esp8266/build_contexts/build_ctx_709415434/deps/modules/mjs/mjs.c /data/fwbuild-volumes/2.14.0/apps/doorlock/esp8266/build_contexts/build_ctx_709415434/deps/mjs/esp8266/src/esp8266_mjs.c /data/fwbuild-volumes/2.14.0/apps/doorlock/esp8266/build_contexts/build_ctx_709415434/deps/provision/src/mgos_provision.c /data/fwbuild-volumes/2.14.0/apps/doorlock/esp8266/build_contexts/build_ctx_709415434/deps/provision/src/mgos_provision_btn.c /data/fwbuild-volumes/2.14.0/apps/doorlock/esp8266/build_contexts/build_ctx_709415434/deps/provision/src/mgos_provision_led.c /data/fwbuild-volumes/2.14.0/apps/doorlock/esp8266/build_contexts/build_ctx_709415434/deps/provision/src/mgos_provision_state.c /data/fwbuild-volumes/2.14.0/apps/doorlock/esp8266/build_contexts/build_ctx_709415434/deps/rpc-common/src/mg_rpc.c /data/fwbuild-volumes/2.14.0/apps/doorlock/esp8266/build_contexts/build_ctx_709415434/deps/rpc-common/src/mg_rpc_channel.c /data/fwbuild-volumes/2.14.0/apps/doorlock/esp8266/build_contexts/build_ctx_709415434/deps/rpc-common/src/mg_rpc_channel_http.c /data/fwbuild-volumes/2.14.0/apps/doorlock/esp8266/build_contexts/build_ctx_709415434/deps/rpc-common/src/mgos_rpc.c /data/fwbuild-volumes/2.14.0/apps/doorlock/esp8266/build_contexts/build_ctx_709415434/deps/rpc-service-config/src/mgos_service_config.c /data/fwbuild-volumes/2.14.0/apps/doorlock/esp8266/build_contexts/build_ctx_709415434/deps/rpc-service-fs/src/mgos_service_filesystem.c /data/fwbuild-volumes/2.14.0/apps/doorlock/esp8266/build_contexts/build_ctx_709415434/deps/wifi/src/mgos_wifi.c /data/fwbuild-volumes/2.14.0/apps/doorlock/esp8266/build_contexts/build_ctx_709415434/deps/wifi/src/mjs_wifi.c /data/fwbuild-volumes/2.14.0/apps/doorlock/esp8266/build_contexts/build_ctx_709415434/deps/wifi/src/esp8266/esp_wifi.c /data/fwbuild-volumes/2.14.0/apps/doorlock/esp8266/build_contexts/build_ctx_709415434/deps/rpc-service-wifi/src/mgos_rpc_service_wifi.c /data/fwbuild-volumes/2.14.0/apps/doorlock/esp8266/build_contexts/build_ctx_709415434/deps/rpc-uart/src/mgos_rpc_channel_uart.c]
Include dirs: [/data/fwbuild-volumes/2.14.0/apps/doorlock/esp8266/build_contexts/build_ctx_709415434/deps/i2c/include /data/fwbuild-volumes/2.14.0/apps/doorlock/esp8266/build_contexts/build_ctx_709415434/deps/atca/include /data/fwbuild-volumes/2.14.0/apps/doorlock/esp8266/build_contexts/build_ctx_709415434/deps/atca/cryptoauthlib/lib /data/fwbuild-volumes/2.14.0/apps/doorlock/esp8266/build_contexts/build_ctx_709415434/deps/mbedtls/include /data/fwbuild-volumes/2.14.0/apps/doorlock/esp8266/build_contexts/build_ctx_709415434/deps/mbedtls/include/esp8266 /data/fwbuild-volumes/2.14.0/apps/doorlock/esp8266/build_contexts/build_ctx_709415434/deps/mbedtls/mbedtls/include /data/fwbuild-volumes/2.14.0/apps/doorlock/esp8266/build_contexts/build_ctx_709415434/deps/vfs-common/include /data/fwbuild-volumes/2.14.0/apps/doorlock/esp8266/build_contexts/build_ctx_709415434/deps/vfs-common/include/esp8266 /data/fwbuild-volumes/2.14.0/apps/doorlock/esp8266/build_contexts/build_ctx_709415434/deps/mongoose/include /data/fwbuild-volumes/2.14.0/apps/doorlock/esp8266/build_contexts/build_ctx_709415434/deps/vfs-dev-part/include /data/fwbuild-volumes/2.14.0/apps/doorlock/esp8266/build_contexts/build_ctx_709415434/deps/vfs-fs-spiffs/include /data/fwbuild-volumes/2.14.0/apps/doorlock/esp8266/build_contexts/build_ctx_709415434/deps/vfs-fs-spiffs/include/spiffs /data/fwbuild-volumes/2.14.0/apps/doorlock/esp8266/build_contexts/build_ctx_709415434/deps/vfs-fs-spiffs/include/esp8266 /data/fwbuild-volumes/2.14.0/apps/doorlock/esp8266/build_contexts/build_ctx_709415434/deps/core/include /data/fwbuild-volumes/2.14.0/apps/doorlock/esp8266/build_contexts/build_ctx_709415434/deps/core/include/esp8266 /data/fwbuild-volumes/2.14.0/apps/doorlock/esp8266/build_contexts/build_ctx_709415434/deps/blynk/include /data/fwbuild-volumes/2.14.0/apps/doorlock/esp8266/build_contexts/build_ctx_709415434/deps/http-server/include /data/fwbuild-volumes/2.14.0/apps/doorlock/esp8266/build_contexts/build_ctx_709415434/deps/mjs/include /data/fwbuild-volumes/2.14.0/apps/doorlock/esp8266/build_contexts/build_ctx_709415434/deps/provision/include /data/fwbuild-volumes/2.14.0/apps/doorlock/esp8266/build_contexts/build_ctx_709415434/deps/rpc-common/include /data/fwbuild-volumes/2.14.0/apps/doorlock/esp8266/build_contexts/build_ctx_709415434/deps/rpc-service-config/include /data/fwbuild-volumes/2.14.0/apps/doorlock/esp8266/build_contexts/build_ctx_709415434/deps/rpc-service-fs/include /data/fwbuild-volumes/2.14.0/apps/doorlock/esp8266/build_contexts/build_ctx_709415434/deps/wifi/include /data/fwbuild-volumes/2.14.0/apps/doorlock/esp8266/build_contexts/build_ctx_709415434/deps/wifi/include/esp8266 /data/fwbuild-volumes/2.14.0/apps/doorlock/esp8266/build_contexts/build_ctx_709415434/deps/rpc-uart/include]
Binary libs: [/data/fwbuild-volumes/2.14.0/apps/doorlock/esp8266/build_contexts/build_ctx_709415434/build/objs/libmbedtls-esp8266-2.14.0.a /data/fwbuild-volumes/2.14.0/apps/doorlock/esp8266/build_contexts/build_ctx_709415434/build/objs/libmongoose-esp8266-2.14.0.a]
Building...
mount from "/data/fwbuild-volumes/2.14.0/apps/doorlock/esp8266/build_contexts/build_ctx_709415434" to "/app"
mount from "/data/fwbuild-volumes/2.14.0/apps/doorlock/esp8266/build_contexts/build_ctx_709415434/deps/modules/mongoose-os" to "/mongoose-os"
mount from "/data/fwbuild-volumes/2.14.0/apps/doorlock/esp8266/build_contexts/build_ctx_709415434/deps/modules/mongoose-os" to "/data/fwbuild-volumes/2.14.0/apps/doorlock/esp8266/build_contexts/build_ctx_709415434/deps/modules/mongoose-os"
mount from "/data/fwbuild-volumes/2.14.0/apps/doorlock/esp8266/build_contexts/build_ctx_709415434/build" to "/data/fwbuild-volumes/2.14.0/apps/doorlock/esp8266/build_contexts/build_ctx_709415434/build"
mount from "/data/fwbuild-volumes/2.14.0/apps/doorlock/esp8266/build_contexts/build_ctx_709415434/src" to "/data/fwbuild-volumes/2.14.0/apps/doorlock/esp8266/build_contexts/build_ctx_709415434/src"
mount from "/data/fwbuild-volumes/2.14.0/apps/doorlock/esp8266/build_contexts/build_ctx_709415434/build/gen" to "/data/fwbuild-volumes/2.14.0/apps/doorlock/esp8266/build_contexts/build_ctx_709415434/build/gen"
mount from "/data/fwbuild-volumes/2.14.0/apps/doorlock/esp8266/build_contexts/build_ctx_709415434/deps/i2c/src" to "/data/fwbuild-volumes/2.14.0/apps/doorlock/esp8266/build_contexts/build_ctx_709415434/deps/i2c/src"
mount from "/data/fwbuild-volumes/2.14.0/apps/doorlock/esp8266/build_contexts/build_ctx_709415434/deps/i2c/src/gpio" to "/data/fwbuild-volumes/2.14.0/apps/doorlock/esp8266/build_contexts/build_ctx_709415434/deps/i2c/src/gpio"
mount from "/data/fwbuild-volumes/2.14.0/apps/doorlock/esp8266/build_contexts/build_ctx_709415434/deps/atca/src" to "/data/fwbuild-volumes/2.14.0/apps/doorlock/esp8266/build_contexts/build_ctx_709415434/deps/atca/src"
mount from "/data/fwbuild-volumes/2.14.0/apps/doorlock/esp8266/build_contexts/build_ctx_709415434/deps/atca/cryptoauthlib/lib" to "/data/fwbuild-volumes/2.14.0/apps/doorlock/esp8266/build_contexts/build_ctx_709415434/deps/atca/cryptoauthlib/lib"
mount from "/data/fwbuild-volumes/2.14.0/apps/doorlock/esp8266/build_contexts/build_ctx_709415434/deps/atca/cryptoauthlib/lib/basic" to "/data/fwbuild-volumes/2.14.0/apps/doorlock/esp8266/build_contexts/build_ctx_709415434/deps/atca/cryptoauthlib/lib/basic"
mount from "/data/fwbuild-volumes/2.14.0/apps/doorlock/esp8266/build_contexts/build_ctx_709415434/deps/atca/cryptoauthlib/lib/crypto" to "/data/fwbuild-volumes/2.14.0/apps/doorlock/esp8266/build_contexts/build_ctx_709415434/deps/atca/cryptoauthlib/lib/crypto"
mount from "/data/fwbuild-volumes/2.14.0/apps/doorlock/esp8266/build_contexts/build_ctx_709415434/deps/atca/cryptoauthlib/lib/hal" to "/data/fwbuild-volumes/2.14.0/apps/doorlock/esp8266/build_contexts/build_ctx_709415434/deps/atca/cryptoauthlib/lib/hal"
mount from "/data/fwbuild-volumes/2.14.0/apps/doorlock/esp8266/build_contexts/build_ctx_709415434/deps/atca/cryptoauthlib/lib/host" to "/data/fwbuild-volumes/2.14.0/apps/doorlock/esp8266/build_contexts/build_ctx_709415434/deps/atca/cryptoauthlib/lib/host"
mount from "/data/fwbuild-volumes/2.14.0/apps/doorlock/esp8266/build_contexts/build_ctx_709415434/deps/vfs-common/src" to "/data/fwbuild-volumes/2.14.0/apps/doorlock/esp8266/build_contexts/build_ctx_709415434/deps/vfs-common/src"
mount from "/data/fwbuild-volumes/2.14.0/apps/doorlock/esp8266/build_contexts/build_ctx_709415434/deps/vfs-common/src/esp8266" to "/data/fwbuild-volumes/2.14.0/apps/doorlock/esp8266/build_contexts/build_ctx_709415434/deps/vfs-common/src/esp8266"
mount from "/data/fwbuild-volumes/2.14.0/apps/doorlock/esp8266/build_contexts/build_ctx_709415434/deps/vfs-dev-part/src" to "/data/fwbuild-volumes/2.14.0/apps/doorlock/esp8266/build_contexts/build_ctx_709415434/deps/vfs-dev-part/src"
mount from "/data/fwbuild-volumes/2.14.0/apps/doorlock/esp8266/build_contexts/build_ctx_709415434/deps/vfs-fs-spiffs/src" to "/data/fwbuild-volumes/2.14.0/apps/doorlock/esp8266/build_contexts/build_ctx_709415434/deps/vfs-fs-spiffs/src"
mount from "/data/fwbuild-volumes/2.14.0/apps/doorlock/esp8266/build_contexts/build_ctx_709415434/deps/vfs-fs-spiffs/src/spiffs" to "/data/fwbuild-volumes/2.14.0/apps/doorlock/esp8266/build_contexts/build_ctx_709415434/deps/vfs-fs-spiffs/src/spiffs"
mount from "/data/fwbuild-volumes/2.14.0/apps/doorlock/esp8266/build_contexts/build_ctx_709415434/deps/core/src" to "/data/fwbuild-volumes/2.14.0/apps/doorlock/esp8266/build_contexts/build_ctx_709415434/deps/core/src"
mount from "/data/fwbuild-volumes/2.14.0/apps/doorlock/esp8266/build_contexts/build_ctx_709415434/deps/core/src/esp8266" to "/data/fwbuild-volumes/2.14.0/apps/doorlock/esp8266/build_contexts/build_ctx_709415434/deps/core/src/esp8266"
mount from "/data/fwbuild-volumes/2.14.0/apps/doorlock/esp8266/build_contexts/build_ctx_709415434/deps/blynk/src" to "/data/fwbuild-volumes/2.14.0/apps/doorlock/esp8266/build_contexts/build_ctx_709415434/deps/blynk/src"
mount from "/data/fwbuild-volumes/2.14.0/apps/doorlock/esp8266/build_contexts/build_ctx_709415434/deps/http-server/src" to "/data/fwbuild-volumes/2.14.0/apps/doorlock/esp8266/build_contexts/build_ctx_709415434/deps/http-server/src"
mount from "/data/fwbuild-volumes/2.14.0/apps/doorlock/esp8266/build_contexts/build_ctx_709415434/deps/mjs/src" to "/data/fwbuild-volumes/2.14.0/apps/doorlock/esp8266/build_contexts/build_ctx_709415434/deps/mjs/src"
mount from "/data/fwbuild-volumes/2.14.0/apps/doorlock/esp8266/build_contexts/build_ctx_709415434/deps/modules/mjs" to "/data/fwbuild-volumes/2.14.0/apps/doorlock/esp8266/build_contexts/build_ctx_709415434/deps/modules/mjs"
mount from "/data/fwbuild-volumes/2.14.0/apps/doorlock/esp8266/build_contexts/build_ctx_709415434/deps/mjs/esp8266/src" to "/data/fwbuild-volumes/2.14.0/apps/doorlock/esp8266/build_contexts/build_ctx_709415434/deps/mjs/esp8266/src"
mount from "/data/fwbuild-volumes/2.14.0/apps/doorlock/esp8266/build_contexts/build_ctx_709415434/deps/provision/src" to "/data/fwbuild-volumes/2.14.0/apps/doorlock/esp8266/build_contexts/build_ctx_709415434/deps/provision/src"
mount from "/data/fwbuild-volumes/2.14.0/apps/doorlock/esp8266/build_contexts/build_ctx_709415434/deps/rpc-common/src" to "/data/fwbuild-volumes/2.14.0/apps/doorlock/esp8266/build_contexts/build_ctx_709415434/deps/rpc-common/src"
mount from "/data/fwbuild-volumes/2.14.0/apps/doorlock/esp8266/build_contexts/build_ctx_709415434/deps/rpc-service-config/src" to "/data/fwbuild-volumes/2.14.0/apps/doorlock/esp8266/build_contexts/build_ctx_709415434/deps/rpc-service-config/src"
mount from "/data/fwbuild-volumes/2.14.0/apps/doorlock/esp8266/build_contexts/build_ctx_709415434/deps/rpc-service-fs/src" to "/data/fwbuild-volumes/2.14.0/apps/doorlock/esp8266/build_contexts/build_ctx_709415434/deps/rpc-service-fs/src"
mount from "/data/fwbuild-volumes/2.14.0/apps/doorlock/esp8266/build_contexts/build_ctx_709415434/deps/wifi/src" to "/data/fwbuild-volumes/2.14.0/apps/doorlock/esp8266/build_contexts/build_ctx_709415434/deps/wifi/src"
mount from "/data/fwbuild-volumes/2.14.0/apps/doorlock/esp8266/build_contexts/build_ctx_709415434/deps/wifi/src/esp8266" to "/data/fwbuild-volumes/2.14.0/apps/doorlock/esp8266/build_contexts/build_ctx_709415434/deps/wifi/src/esp8266"
mount from "/data/fwbuild-volumes/2.14.0/apps/doorlock/esp8266/build_contexts/build_ctx_709415434/deps/rpc-service-wifi/src" to "/data/fwbuild-volumes/2.14.0/apps/doorlock/esp8266/build_contexts/build_ctx_709415434/deps/rpc-service-wifi/src"
mount from "/data/fwbuild-volumes/2.14.0/apps/doorlock/esp8266/build_contexts/build_ctx_709415434/deps/rpc-uart/src" to "/data/fwbuild-volumes/2.14.0/apps/doorlock/esp8266/build_contexts/build_ctx_709415434/deps/rpc-uart/src"
mount from "/data/fwbuild-volumes/2.14.0/apps/doorlock/esp8266/build_contexts/build_ctx_709415434/deps/i2c/include" to "/data/fwbuild-volumes/2.14.0/apps/doorlock/esp8266/build_contexts/build_ctx_709415434/deps/i2c/include"
mount from "/data/fwbuild-volumes/2.14.0/apps/doorlock/esp8266/build_contexts/build_ctx_709415434/deps/atca/include" to "/data/fwbuild-volumes/2.14.0/apps/doorlock/esp8266/build_contexts/build_ctx_709415434/deps/atca/include"
mount from "/data/fwbuild-volumes/2.14.0/apps/doorlock/esp8266/build_contexts/build_ctx_709415434/deps/atca/cryptoauthlib/lib" to "/data/fwbuild-volumes/2.14.0/apps/doorlock/esp8266/build_contexts/build_ctx_709415434/deps/atca/cryptoauthlib/lib"
mount from "/data/fwbuild-volumes/2.14.0/apps/doorlock/esp8266/build_contexts/build_ctx_709415434/deps/mbedtls/include" to "/data/fwbuild-volumes/2.14.0/apps/doorlock/esp8266/build_contexts/build_ctx_709415434/deps/mbedtls/include"
mount from "/data/fwbuild-volumes/2.14.0/apps/doorlock/esp8266/build_contexts/build_ctx_709415434/deps/mbedtls/include/esp8266" to "/data/fwbuild-volumes/2.14.0/apps/doorlock/esp8266/build_contexts/build_ctx_709415434/deps/mbedtls/include/esp8266"
mount from "/data/fwbuild-volumes/2.14.0/apps/doorlock/esp8266/build_contexts/build_ctx_709415434/deps/mbedtls/mbedtls/include" to "/data/fwbuild-volumes/2.14.0/apps/doorlock/esp8266/build_contexts/build_ctx_709415434/deps/mbedtls/mbedtls/include"
mount from "/data/fwbuild-volumes/2.14.0/apps/doorlock/esp8266/build_contexts/build_ctx_709415434/deps/vfs-common/include" to "/data/fwbuild-volumes/2.14.0/apps/doorlock/esp8266/build_contexts/build_ctx_709415434/deps/vfs-common/include"
mount from "/data/fwbuild-volumes/2.14.0/apps/doorlock/esp8266/build_contexts/build_ctx_709415434/deps/vfs-common/include/esp8266" to "/data/fwbuild-volumes/2.14.0/apps/doorlock/esp8266/build_contexts/build_ctx_709415434/deps/vfs-common/include/esp8266"
mount from "/data/fwbuild-volumes/2.14.0/apps/doorlock/esp8266/build_contexts/build_ctx_709415434/deps/mongoose/include" to "/data/fwbuild-volumes/2.14.0/apps/doorlock/esp8266/build_contexts/build_ctx_709415434/deps/mongoose/include"
mount from "/data/fwbuild-volumes/2.14.0/apps/doorlock/esp8266/build_contexts/build_ctx_709415434/deps/vfs-dev-part/include" to "/data/fwbuild-volumes/2.14.0/apps/doorlock/esp8266/build_contexts/build_ctx_709415434/deps/vfs-dev-part/include"
mount from "/data/fwbuild-volumes/2.14.0/apps/doorlock/esp8266/build_contexts/build_ctx_709415434/deps/vfs-fs-spiffs/include" to "/data/fwbuild-volumes/2.14.0/apps/doorlock/esp8266/build_contexts/build_ctx_709415434/deps/vfs-fs-spiffs/include"
mount from "/data/fwbuild-volumes/2.14.0/apps/doorlock/esp8266/build_contexts/build_ctx_709415434/deps/vfs-fs-spiffs/include/spiffs" to "/data/fwbuild-volumes/2.14.0/apps/doorlock/esp8266/build_contexts/build_ctx_709415434/deps/vfs-fs-spiffs/include/spiffs"
mount from "/data/fwbuild-volumes/2.14.0/apps/doorlock/esp8266/build_contexts/build_ctx_709415434/deps/vfs-fs-spiffs/include/esp8266" to "/data/fwbuild-volumes/2.14.0/apps/doorlock/esp8266/build_contexts/build_ctx_709415434/deps/vfs-fs-spiffs/include/esp8266"
mount from "/data/fwbuild-volumes/2.14.0/apps/doorlock/esp8266/build_contexts/build_ctx_709415434/deps/core/include" to "/data/fwbuild-volumes/2.14.0/apps/doorlock/esp8266/build_contexts/build_ctx_709415434/deps/core/include"
mount from "/data/fwbuild-volumes/2.14.0/apps/doorlock/esp8266/build_contexts/build_ctx_709415434/deps/core/include/esp8266" to "/data/fwbuild-volumes/2.14.0/apps/doorlock/esp8266/build_contexts/build_ctx_709415434/deps/core/include/esp8266"
mount from "/data/fwbuild-volumes/2.14.0/apps/doorlock/esp8266/build_contexts/build_ctx_709415434/deps/blynk/include" to "/data/fwbuild-volumes/2.14.0/apps/doorlock/esp8266/build_contexts/build_ctx_709415434/deps/blynk/include"
mount from "/data/fwbuild-volumes/2.14.0/apps/doorlock/esp8266/build_contexts/build_ctx_709415434/deps/http-server/include" to "/data/fwbuild-volumes/2.14.0/apps/doorlock/esp8266/build_contexts/build_ctx_709415434/deps/http-server/include"
mount from "/data/fwbuild-volumes/2.14.0/apps/doorlock/esp8266/build_contexts/build_ctx_709415434/deps/mjs/include" to "/data/fwbuild-volumes/2.14.0/apps/doorlock/esp8266/build_contexts/build_ctx_709415434/deps/mjs/include"
mount from "/data/fwbuild-volumes/2.14.0/apps/doorlock/esp8266/build_contexts/build_ctx_709415434/deps/provision/include" to "/data/fwbuild-volumes/2.14.0/apps/doorlock/esp8266/build_contexts/build_ctx_709415434/deps/provision/include"
mount from "/data/fwbuild-volumes/2.14.0/apps/doorlock/esp8266/build_contexts/build_ctx_709415434/deps/rpc-common/include" to "/data/fwbuild-volumes/2.14.0/apps/doorlock/esp8266/build_contexts/build_ctx_709415434/deps/rpc-common/include"
mount from "/data/fwbuild-volumes/2.14.0/apps/doorlock/esp8266/build_contexts/build_ctx_709415434/deps/rpc-service-config/include" to "/data/fwbuild-volumes/2.14.0/apps/doorlock/esp8266/build_contexts/build_ctx_709415434/deps/rpc-service-config/include"
mount from "/data/fwbuild-volumes/2.14.0/apps/doorlock/esp8266/build_contexts/build_ctx_709415434/deps/rpc-service-fs/include" to "/data/fwbuild-volumes/2.14.0/apps/doorlock/esp8266/build_contexts/build_ctx_709415434/deps/rpc-service-fs/include"
mount from "/data/fwbuild-volumes/2.14.0/apps/doorlock/esp8266/build_contexts/build_ctx_709415434/deps/wifi/include" to "/data/fwbuild-volumes/2.14.0/apps/doorlock/esp8266/build_contexts/build_ctx_709415434/deps/wifi/include"
mount from "/data/fwbuild-volumes/2.14.0/apps/doorlock/esp8266/build_contexts/build_ctx_709415434/deps/rpc-uart/include" to "/data/fwbuild-volumes/2.14.0/apps/doorlock/esp8266/build_contexts/build_ctx_709415434/deps/rpc-uart/include"
mount from "/data/fwbuild-volumes/2.14.0/apps/doorlock/esp8266/build_contexts/build_ctx_709415434/deps/ca-bundle/fs" to "/data/fwbuild-volumes/2.14.0/apps/doorlock/esp8266/build_contexts/build_ctx_709415434/deps/ca-bundle/fs"
mount from "/data/fwbuild-volumes/2.14.0/apps/doorlock/esp8266/build_contexts/build_ctx_709415434/deps/mjs/fs" to "/data/fwbuild-volumes/2.14.0/apps/doorlock/esp8266/build_contexts/build_ctx_709415434/deps/mjs/fs"
mount from "/data/fwbuild-volumes/2.14.0/apps/doorlock/esp8266/build_contexts/build_ctx_709415434/deps/modules/mjs/mjs/lib" to "/data/fwbuild-volumes/2.14.0/apps/doorlock/esp8266/build_contexts/build_ctx_709415434/deps/modules/mjs/mjs/lib"
mount from "/data/fwbuild-volumes/2.14.0/apps/doorlock/esp8266/build_contexts/build_ctx_709415434/deps/i2c/mjs_fs" to "/data/fwbuild-volumes/2.14.0/apps/doorlock/esp8266/build_contexts/build_ctx_709415434/deps/i2c/mjs_fs"
mount from "/data/fwbuild-volumes/2.14.0/apps/doorlock/esp8266/build_contexts/build_ctx_709415434/deps/blynk/mjs_fs" to "/data/fwbuild-volumes/2.14.0/apps/doorlock/esp8266/build_contexts/build_ctx_709415434/deps/blynk/mjs_fs"
mount from "/data/fwbuild-volumes/2.14.0/apps/doorlock/esp8266/build_contexts/build_ctx_709415434/deps/rpc-common/mjs_fs" to "/data/fwbuild-volumes/2.14.0/apps/doorlock/esp8266/build_contexts/build_ctx_709415434/deps/rpc-common/mjs_fs"
mount from "/data/fwbuild-volumes/2.14.0/apps/doorlock/esp8266/build_contexts/build_ctx_709415434/deps/wifi/mjs_fs" to "/data/fwbuild-volumes/2.14.0/apps/doorlock/esp8266/build_contexts/build_ctx_709415434/deps/wifi/mjs_fs"
mount from "/data/fwbuild-volumes/2.14.0/apps/doorlock/esp8266/build_contexts/build_ctx_709415434/deps/mjs/esp8266/fs" to "/data/fwbuild-volumes/2.14.0/apps/doorlock/esp8266/build_contexts/build_ctx_709415434/deps/mjs/esp8266/fs"
mount from "/data/fwbuild-volumes/2.14.0/apps/doorlock/esp8266/build_contexts/build_ctx_709415434/fs" to "/data/fwbuild-volumes/2.14.0/apps/doorlock/esp8266/build_contexts/build_ctx_709415434/fs"
mount from "/data/fwbuild-volumes/2.14.0/apps/doorlock/esp8266/build_contexts/build_ctx_709415434/build/objs" to "/data/fwbuild-volumes/2.14.0/apps/doorlock/esp8266/build_contexts/build_ctx_709415434/build/objs"
mount from "/data/fwbuild-volumes/2.14.0/apps/doorlock/esp8266/build_contexts/build_ctx_709415434/build/objs" to "/data/fwbuild-volumes/2.14.0/apps/doorlock/esp8266/build_contexts/build_ctx_709415434/build/objs"
mount from "/data/fwbuild-volumes/2.14.0/apps/doorlock/esp8266/build_contexts/build_ctx_709415434/build/gen" to "/data/fwbuild-volumes/2.14.0/apps/doorlock/esp8266/build_contexts/build_ctx_709415434/build/gen"
Docker arguments: run --name mos_build_2019-06-30T04-26-03-00_7076176763524197770 --rm -i -v /data/fwbuild-volumes/2.14.0/apps/doorlock/esp8266/build_contexts/build_ctx_709415434/deps/vfs-fs-spiffs/src/spiffs:/data/fwbuild-volumes/2.14.0/apps/doorlock/esp8266/build_contexts/build_ctx_709415434/deps/vfs-fs-spiffs/src/spiffs -v /data/fwbuild-volumes/2.14.0/apps/doorlock/esp8266/build_contexts/build_ctx_709415434/deps/rpc-service-fs/src:/data/fwbuild-volumes/2.14.0/apps/doorlock/esp8266/build_contexts/build_ctx_709415434/deps/rpc-service-fs/src -v /data/fwbuild-volumes/2.14.0/apps/doorlock/esp8266/build_contexts/build_ctx_709415434:/app -v /data/fwbuild-volumes/2.14.0/apps/doorlock/esp8266/build_contexts/build_ctx_709415434/deps/atca/cryptoauthlib/lib/host:/data/fwbuild-volumes/2.14.0/apps/doorlock/esp8266/build_contexts/build_ctx_709415434/deps/atca/cryptoauthlib/lib/host -v /data/fwbuild-volumes/2.14.0/apps/doorlock/esp8266/build_contexts/build_ctx_709415434/deps/vfs-common/src/esp8266:/data/fwbuild-volumes/2.14.0/apps/doorlock/esp8266/build_contexts/build_ctx_709415434/deps/vfs-common/src/esp8266 -v /data/fwbuild-volumes/2.14.0/apps/doorlock/esp8266/build_contexts/build_ctx_709415434/deps/rpc-uart/include:/data/fwbuild-volumes/2.14.0/apps/doorlock/esp8266/build_contexts/build_ctx_709415434/deps/rpc-uart/include -v /data/fwbuild-volumes/2.14.0/apps/doorlock/esp8266/build_contexts/build_ctx_709415434/deps/atca/cryptoauthlib/lib:/data/fwbuild-volumes/2.14.0/apps/doorlock/esp8266/build_contexts/build_ctx_709415434/deps/atca/cryptoauthlib/lib -v /data/fwbuild-volumes/2.14.0/apps/doorlock/esp8266/build_contexts/build_ctx_709415434/deps/vfs-fs-spiffs/src:/data/fwbuild-volumes/2.14.0/apps/doorlock/esp8266/build_contexts/build_ctx_709415434/deps/vfs-fs-spiffs/src -v /data/fwbuild-volumes/2.14.0/apps/doorlock/esp8266/build_contexts/build_ctx_709415434/deps/rpc-common/include:/data/fwbuild-volumes/2.14.0/apps/doorlock/esp8266/build_contexts/build_ctx_709415434/deps/rpc-common/include -v /data/fwbuild-volumes/2.14.0/apps/doorlock/esp8266/build_contexts/build_ctx_709415434/deps/rpc-service-fs/include:/data/fwbuild-volumes/2.14.0/apps/doorlock/esp8266/build_contexts/build_ctx_709415434/deps/rpc-service-fs/include -v /data/fwbuild-volumes/2.14.0/apps/doorlock/esp8266/build_contexts/build_ctx_709415434/deps/rpc-common/mjs_fs:/data/fwbuild-volumes/2.14.0/apps/doorlock/esp8266/build_contexts/build_ctx_709415434/deps/rpc-common/mjs_fs -v /data/fwbuild-volumes/2.14.0/apps/doorlock/esp8266/build_contexts/build_ctx_709415434/deps/rpc-service-config/src:/data/fwbuild-volumes/2.14.0/apps/doorlock/esp8266/build_contexts/build_ctx_709415434/deps/rpc-service-config/src -v /data/fwbuild-volumes/2.14.0/apps/doorlock/esp8266/build_contexts/build_ctx_709415434/deps/wifi/src:/data/fwbuild-volumes/2.14.0/apps/doorlock/esp8266/build_contexts/build_ctx_709415434/deps/wifi/src -v /data/fwbuild-volumes/2.14.0/apps/doorlock/esp8266/build_contexts/build_ctx_709415434/deps/wifi/src/esp8266:/data/fwbuild-volumes/2.14.0/apps/doorlock/esp8266/build_contexts/build_ctx_709415434/deps/wifi/src/esp8266 -v /data/fwbuild-volumes/2.14.0/apps/doorlock/esp8266/build_contexts/build_ctx_709415434/deps/rpc-uart/src:/data/fwbuild-volumes/2.14.0/apps/doorlock/esp8266/build_contexts/build_ctx_709415434/deps/rpc-uart/src -v /data/fwbuild-volumes/2.14.0/apps/doorlock/esp8266/build_contexts/build_ctx_709415434/fs:/data/fwbuild-volumes/2.14.0/apps/doorlock/esp8266/build_contexts/build_ctx_709415434/fs -v /data/fwbuild-volumes/2.14.0/apps/doorlock/esp8266/build_contexts/build_ctx_709415434/deps/core/src:/data/fwbuild-volumes/2.14.0/apps/doorlock/esp8266/build_contexts/build_ctx_709415434/deps/core/src -v /data/fwbuild-volumes/2.14.0/apps/doorlock/esp8266/build_contexts/build_ctx_709415434/deps/blynk/src:/data/fwbuild-volumes/2.14.0/apps/doorlock/esp8266/build_contexts/build_ctx_709415434/deps/blynk/src -v /data/fwbuild-volumes/2.14.0/apps/doorlock/esp8266/build_contexts/build_ctx_709415434/deps/mbedtls/include:/data/fwbuild-volumes/2.14.0/apps/doorlock/esp8266/build_contexts/build_ctx_709415434/deps/mbedtls/include -v /data/fwbuild-volumes/2.14.0/apps/doorlock/esp8266/build_contexts/build_ctx_709415434/deps/mjs/fs:/data/fwbuild-volumes/2.14.0/apps/doorlock/esp8266/build_contexts/build_ctx_709415434/deps/mjs/fs -v /data/fwbuild-volumes/2.14.0/apps/doorlock/esp8266/build_contexts/build_ctx_709415434/deps/i2c/include:/data/fwbuild-volumes/2.14.0/apps/doorlock/esp8266/build_contexts/build_ctx_709415434/deps/i2c/include -v /data/fwbuild-volumes/2.14.0/apps/doorlock/esp8266/build_contexts/build_ctx_709415434/deps/mbedtls/include/esp8266:/data/fwbuild-volumes/2.14.0/apps/doorlock/esp8266/build_contexts/build_ctx_709415434/deps/mbedtls/include/esp8266 -v /data/fwbuild-volumes/2.14.0/apps/doorlock/esp8266/build_contexts/build_ctx_709415434/build/objs:/data/fwbuild-volumes/2.14.0/apps/doorlock/esp8266/build_contexts/build_ctx_709415434/build/objs -v /data/fwbuild-volumes/2.14.0/apps/doorlock/esp8266/build_contexts/build_ctx_709415434/deps/http-server/include:/data/fwbuild-volumes/2.14.0/apps/doorlock/esp8266/build_contexts/build_ctx_709415434/deps/http-server/include -v /data/fwbuild-volumes/2.14.0/apps/doorlock/esp8266/build_contexts/build_ctx_709415434/deps/i2c/mjs_fs:/data/fwbuild-volumes/2.14.0/apps/doorlock/esp8266/build_contexts/build_ctx_709415434/deps/i2c/mjs_fs -v /data/fwbuild-volumes/2.14.0/apps/doorlock/esp8266/build_contexts/build_ctx_709415434/deps/rpc-common/src:/data/fwbuild-volumes/2.14.0/apps/doorlock/esp8266/build_contexts/build_ctx_709415434/deps/rpc-common/src -v /data/fwbuild-volumes/2.14.0/apps/doorlock/esp8266/build_contexts/build_ctx_709415434/deps/rpc-service-wifi/src:/data/fwbuild-volumes/2.14.0/apps/doorlock/esp8266/build_contexts/build_ctx_709415434/deps/rpc-service-wifi/src -v /data/fwbuild-volumes/2.14.0/apps/doorlock/esp8266/build_contexts/build_ctx_709415434/deps/mbedtls/mbedtls/include:/data/fwbuild-volumes/2.14.0/apps/doorlock/esp8266/build_contexts/build_ctx_709415434/deps/mbedtls/mbedtls/include -v /data/fwbuild-volumes/2.14.0/apps/doorlock/esp8266/build_contexts/build_ctx_709415434/deps/vfs-fs-spiffs/include/spiffs:/data/fwbuild-volumes/2.14.0/apps/doorlock/esp8266/build_contexts/build_ctx_709415434/deps/vfs-fs-spiffs/include/spiffs -v /data/fwbuild-volumes/2.14.0/apps/doorlock/esp8266/build_contexts/build_ctx_709415434/deps/provision/include:/data/fwbuild-volumes/2.14.0/apps/doorlock/esp8266/build_contexts/build_ctx_709415434/deps/provision/include -v /data/fwbuild-volumes/2.14.0/apps/doorlock/esp8266/build_contexts/build_ctx_709415434/deps/i2c/src/gpio:/data/fwbuild-volumes/2.14.0/apps/doorlock/esp8266/build_contexts/build_ctx_709415434/deps/i2c/src/gpio -v /data/fwbuild-volumes/2.14.0/apps/doorlock/esp8266/build_contexts/build_ctx_709415434/deps/mjs/src:/data/fwbuild-volumes/2.14.0/apps/doorlock/esp8266/build_contexts/build_ctx_709415434/deps/mjs/src -v /data/fwbuild-volumes/2.14.0/apps/doorlock/esp8266/build_contexts/build_ctx_709415434/deps/mjs/esp8266/src:/data/fwbuild-volumes/2.14.0/apps/doorlock/esp8266/build_contexts/build_ctx_709415434/deps/mjs/esp8266/src -v /data/fwbuild-volumes/2.14.0/apps/doorlock/esp8266/build_contexts/build_ctx_709415434/deps/atca/include:/data/fwbuild-volumes/2.14.0/apps/doorlock/esp8266/build_contexts/build_ctx_709415434/deps/atca/include -v /data/fwbuild-volumes/2.14.0/apps/doorlock/esp8266/build_contexts/build_ctx_709415434/deps/core/src/esp8266:/data/fwbuild-volumes/2.14.0/apps/doorlock/esp8266/build_contexts/build_ctx_709415434/deps/core/src/esp8266 -v /data/fwbuild-volumes/2.14.0/apps/doorlock/esp8266/build_contexts/build_ctx_709415434/deps/rpc-service-config/include:/data/fwbuild-volumes/2.14.0/apps/doorlock/esp8266/build_contexts/build_ctx_709415434/deps/rpc-service-config/include -v /data/fwbuild-volumes/2.14.0/apps/doorlock/esp8266/build_contexts/build_ctx_709415434/deps/mjs/esp8266/fs:/data/fwbuild-volumes/2.14.0/apps/doorlock/esp8266/build_contexts/build_ctx_709415434/deps/mjs/esp8266/fs -v /data/fwbuild-volumes/2.14.0/apps/doorlock/esp8266/build_contexts/build_ctx_709415434/deps/atca/cryptoauthlib/lib/hal:/data/fwbuild-volumes/2.14.0/apps/doorlock/esp8266/build_contexts/build_ctx_709415434/deps/atca/cryptoauthlib/lib/hal -v /data/fwbuild-volumes/2.14.0/apps/doorlock/esp8266/build_contexts/build_ctx_709415434/deps/vfs-common/include/esp8266:/data/fwbuild-volumes/2.14.0/apps/doorlock/esp8266/build_contexts/build_ctx_709415434/deps/vfs-common/include/esp8266 -v /data/fwbuild-volumes/2.14.0/apps/doorlock/esp8266/build_contexts/build_ctx_709415434/deps/vfs-fs-spiffs/include/esp8266:/data/fwbuild-volumes/2.14.0/apps/doorlock/esp8266/build_contexts/build_ctx_709415434/deps/vfs-fs-spiffs/include/esp8266 -v /data/fwbuild-volumes/2.14.0/apps/doorlock/esp8266/build_contexts/build_ctx_709415434/deps/mjs/include:/data/fwbuild-volumes/2.14.0/apps/doorlock/esp8266/build_contexts/build_ctx_709415434/deps/mjs/include -v /data/fwbuild-volumes/2.14.0/apps/doorlock/esp8266/build_contexts/build_ctx_709415434/deps/blynk/include:/data/fwbuild-volumes/2.14.0/apps/doorlock/esp8266/build_contexts/build_ctx_709415434/deps/blynk/include -v /data/fwbuild-volumes/2.14.0/apps/doorlock/esp8266/build_contexts/build_ctx_709415434/deps/modules/mjs/mjs/lib:/data/fwbuild-volumes/2.14.0/apps/doorlock/esp8266/build_contexts/build_ctx_709415434/deps/modules/mjs/mjs/lib -v /data/fwbuild-volumes/2.14.0/apps/doorlock/esp8266/build_contexts/build_ctx_709415434/deps/atca/cryptoauthlib/lib/crypto:/data/fwbuild-volumes/2.14.0/apps/doorlock/esp8266/build_contexts/build_ctx_709415434/deps/atca/cryptoauthlib/lib/crypto -v /data/fwbuild-volumes/2.14.0/apps/doorlock/esp8266/build_contexts/build_ctx_709415434/deps/vfs-common/src:/data/fwbuild-volumes/2.14.0/apps/doorlock/esp8266/build_contexts/build_ctx_709415434/deps/vfs-common/src -v /data/fwbuild-volumes/2.14.0/apps/doorlock/esp8266/build_contexts/build_ctx_709415434/deps/vfs-dev-part/src:/data/fwbuild-volumes/2.14.0/apps/doorlock/esp8266/build_contexts/build_ctx_709415434/deps/vfs-dev-part/src -v /data/fwbuild-volumes/2.14.0/apps/doorlock/esp8266/build_contexts/build_ctx_709415434/deps/mongoose/include:/data/fwbuild-volumes/2.14.0/apps/doorlock/esp8266/build_contexts/build_ctx_709415434/deps/mongoose/include -v /data/fwbuild-volumes/2.14.0/apps/doorlock/esp8266/build_contexts/build_ctx_709415434/deps/vfs-common/include:/data/fwbuild-volumes/2.14.0/apps/doorlock/esp8266/build_contexts/build_ctx_709415434/deps/vfs-common/include -v /data/fwbuild-volumes/2.14.0/apps/doorlock/esp8266/build_contexts/build_ctx_709415434/deps/core/include:/data/fwbuild-volumes/2.14.0/apps/doorlock/esp8266/build_contexts/build_ctx_709415434/deps/core/include -v /data/fwbuild-volumes/2.14.0/apps/doorlock/esp8266/build_contexts/build_ctx_709415434/deps/modules/mongoose-os:/data/fwbuild-volumes/2.14.0/apps/doorlock/esp8266/build_contexts/build_ctx_709415434/deps/modules/mongoose-os -v /data/fwbuild-volumes/2.14.0/apps/doorlock/esp8266/build_contexts/build_ctx_709415434/src:/data/fwbuild-volumes/2.14.0/apps/doorlock/esp8266/build_contexts/build_ctx_709415434/src -v /data/fwbuild-volumes/2.14.0/apps/doorlock/esp8266/build_contexts/build_ctx_709415434/deps/modules/mjs:/data/fwbuild-volumes/2.14.0/apps/doorlock/esp8266/build_contexts/build_ctx_709415434/deps/modules/mjs -v /data/fwbuild-volumes/2.14.0/apps/doorlock/esp8266/build_contexts/build_ctx_709415434/deps/provision/src:/data/fwbuild-volumes/2.14.0/apps/doorlock/esp8266/build_contexts/build_ctx_709415434/deps/provision/src -v /data/fwbuild-volumes/2.14.0/apps/doorlock/esp8266/build_contexts/build_ctx_709415434/deps/wifi/mjs_fs:/data/fwbuild-volumes/2.14.0/apps/doorlock/esp8266/build_contexts/build_ctx_709415434/deps/wifi/mjs_fs -v /data/fwbuild-volumes/2.14.0/apps/doorlock/esp8266/build_contexts/build_ctx_709415434/deps/http-server/src:/data/fwbuild-volumes/2.14.0/apps/doorlock/esp8266/build_contexts/build_ctx_709415434/deps/http-server/src -v /data/fwbuild-volumes/2.14.0/apps/doorlock/esp8266/build_contexts/build_ctx_709415434/deps/vfs-dev-part/include:/data/fwbuild-volumes/2.14.0/apps/doorlock/esp8266/build_contexts/build_ctx_709415434/deps/vfs-dev-part/include -v /data/fwbuild-volumes/2.14.0/apps/doorlock/esp8266/build_contexts/build_ctx_709415434/deps/vfs-fs-spiffs/include:/data/fwbuild-volumes/2.14.0/apps/doorlock/esp8266/build_contexts/build_ctx_709415434/deps/vfs-fs-spiffs/include -v /data/fwbuild-volumes/2.14.0/apps/doorlock/esp8266/build_contexts/build_ctx_709415434/deps/core/include/esp8266:/data/fwbuild-volumes/2.14.0/apps/doorlock/esp8266/build_contexts/build_ctx_709415434/deps/core/include/esp8266 -v /data/fwbuild-volumes/2.14.0/apps/doorlock/esp8266/build_contexts/build_ctx_709415434/deps/modules/mongoose-os:/mongoose-os -v /data/fwbuild-volumes/2.14.0/apps/doorlock/esp8266/build_contexts/build_ctx_709415434/deps/wifi/include:/data/fwbuild-volumes/2.14.0/apps/doorlock/esp8266/build_contexts/build_ctx_709415434/deps/wifi/include -v /data/fwbuild-volumes/2.14.0/apps/doorlock/esp8266/build_contexts/build_ctx_709415434/deps/blynk/mjs_fs:/data/fwbuild-volumes/2.14.0/apps/doorlock/esp8266/build_contexts/build_ctx_709415434/deps/blynk/mjs_fs -v /data/fwbuild-volumes/2.14.0/apps/doorlock/esp8266/build_contexts/build_ctx_709415434/deps/atca/cryptoauthlib/lib/basic:/data/fwbuild-volumes/2.14.0/apps/doorlock/esp8266/build_contexts/build_ctx_709415434/deps/atca/cryptoauthlib/lib/basic -v /data/fwbuild-volumes/2.14.0/apps/doorlock/esp8266/build_contexts/build_ctx_709415434/deps/ca-bundle/fs:/data/fwbuild-volumes/2.14.0/apps/doorlock/esp8266/build_contexts/build_ctx_709415434/deps/ca-bundle/fs -v /data/fwbuild-volumes/2.14.0/apps/doorlock/esp8266/build_contexts/build_ctx_709415434/build:/data/fwbuild-volumes/2.14.0/apps/doorlock/esp8266/build_contexts/build_ctx_709415434/build -v /data/fwbuild-volumes/2.14.0/apps/doorlock/esp8266/build_contexts/build_ctx_709415434/build/gen:/data/fwbuild-volumes/2.14.0/apps/doorlock/esp8266/build_contexts/build_ctx_709415434/build/gen -v /data/fwbuild-volumes/2.14.0/apps/doorlock/esp8266/build_contexts/build_ctx_709415434/deps/i2c/src:/data/fwbuild-volumes/2.14.0/apps/doorlock/esp8266/build_contexts/build_ctx_709415434/deps/i2c/src -v /data/fwbuild-volumes/2.14.0/apps/doorlock/esp8266/build_contexts/build_ctx_709415434/deps/atca/src:/data/fwbuild-volumes/2.14.0/apps/doorlock/esp8266/build_contexts/build_ctx_709415434/deps/atca/src --user 0:0 docker.io/mgos/esp8266-build:2.2.1-1.5.0-r5 /bin/bash -c nice make '-j' '8' '-C' '/app' '-f' '/data/fwbuild-volumes/2.14.0/apps/doorlock/esp8266/build_contexts/build_ctx_709415434/deps/modules/mongoose-os/platforms/esp8266/Makefile.build' 'all' 'MGOS_VARS_FILE=/data/fwbuild-volumes/2.14.0/apps/doorlock/esp8266/build_contexts/build_ctx_709415434/build/gen/vars.mk'
make: Entering directory '/app'
  MKDIR /data/fwbuild-volumes/2.14.0/apps/doorlock/esp8266/build_contexts/build_ctx_709415434/build/fw
  MKDIR /data/fwbuild-volumes/2.14.0/apps/doorlock/esp8266/build_contexts/build_ctx_709415434/build/objs/fw_temp
  GEN   /data/fwbuild-volumes/2.14.0/apps/doorlock/esp8266/build_contexts/build_ctx_709415434/build/gen/mgos_config.c
  GEN   /data/fwbuild-volumes/2.14.0/apps/doorlock/esp8266/build_contexts/build_ctx_709415434/build/gen/mgos_ro_vars.c
CC esptool2.c
gcc -O2 -Wall -c esptool2.c -o /data/fwbuild-volumes/2.14.0/apps/doorlock/esp8266/build_contexts/build_ctx_709415434/build/objs/esptool2.o
CC esptool2_elf.c
gcc -O2 -Wall -c esptool2_elf.c -o /data/fwbuild-volumes/2.14.0/apps/doorlock/esp8266/build_contexts/build_ctx_709415434/build/objs/esptool2_elf.o
  GEN   /data/fwbuild-volumes/2.14.0/apps/doorlock/esp8266/build_contexts/build_ctx_709415434/build/gen/ffi_exports.c
  GEN   /data/fwbuild-volumes/2.14.0/apps/doorlock/esp8266/build_contexts/build_ctx_709415434/deps/modules/mongoose-os/platforms/esp8266/ld/non_os.ld (0xffff0 @ 0x40200010) -> /data/fwbuild-volumes/2.14.0/apps/doorlock/esp8266/build_contexts/build_ctx_709415434/build/gen/0x100000.ld
make[1]: Entering directory '/app'
make[1]: warning: -jN forced in submake: disabling jobserver mode.
  CC    ./src/netif/etharp.c
  CC    ./src/core/dhcp.c
  CC    ./src/core/mem.c
  CC    ./src/core/sys_arch.c
  CC    ./src/core/init.c
  CC    ./src/core/memp.c
  CC    ./src/core/sys.c
LD /data/fwbuild-volumes/2.14.0/apps/doorlock/esp8266/build_contexts/build_ctx_709415434/build/objs/esptool2
gcc -o /data/fwbuild-volumes/2.14.0/apps/doorlock/esp8266/build_contexts/build_ctx_709415434/build/objs/esptool2 /data/fwbuild-volumes/2.14.0/apps/doorlock/esp8266/build_contexts/build_ctx_709415434/build/objs/esptool2.o /data/fwbuild-volumes/2.14.0/apps/doorlock/esp8266/build_contexts/build_ctx_709415434/build/objs/esptool2_elf.o
  CC    ./src/core/tcp.c
  CC    ./src/core/dns.c
  CC    /data/fwbuild-volumes/2.14.0/apps/doorlock/esp8266/build_contexts/build_ctx_709415434/deps/modules/mongoose-os/platforms/esp8266/src/esp_cache.c
CC rboot-stage2a.c
  CC    /data/fwbuild-volumes/2.14.0/apps/doorlock/esp8266/build_contexts/build_ctx_709415434/src/main.c
  CC    /data/fwbuild-volumes/2.14.0/apps/doorlock/esp8266/build_contexts/build_ctx_709415434/build/gen/mgos_deps_init.c
  CC    /data/fwbuild-volumes/2.14.0/apps/doorlock/esp8266/build_contexts/build_ctx_709415434/deps/i2c/src/mgos_i2c_master.c
  CC    /data/fwbuild-volumes/2.14.0/apps/doorlock/esp8266/build_contexts/build_ctx_709415434/deps/i2c/src/gpio/gpio_i2c_master.c
  CC    ./src/core/def.c
  CC    ./src/core/raw.c
  CC    /data/fwbuild-volumes/2.14.0/apps/doorlock/esp8266/build_contexts/build_ctx_709415434/deps/atca/src/mgos_atca.c
  CC    /data/fwbuild-volumes/2.14.0/apps/doorlock/esp8266/build_contexts/build_ctx_709415434/deps/atca/cryptoauthlib/lib/atca_cfgs.c
  CC    ./src/core/tcp_in.c
  CC    /data/fwbuild-volumes/2.14.0/apps/doorlock/esp8266/build_contexts/build_ctx_709415434/deps/atca/cryptoauthlib/lib/atca_command.c
LD /data/fwbuild-volumes/2.14.0/apps/doorlock/esp8266/build_contexts/build_ctx_709415434/build/objs/rboot/rboot-stage2a.elf
  CC    /data/fwbuild-volumes/2.14.0/apps/doorlock/esp8266/build_contexts/build_ctx_709415434/deps/atca/cryptoauthlib/lib/atca_device.c
  CC    ./src/core/sntp.c
  CC    ./src/core/pbuf.c
E2 /data/fwbuild-volumes/2.14.0/apps/doorlock/esp8266/build_contexts/build_ctx_709415434/build/gen/rboot-hex2a.h
CC rboot.c
  CC    /data/fwbuild-volumes/2.14.0/apps/doorlock/esp8266/build_contexts/build_ctx_709415434/deps/atca/cryptoauthlib/lib/atca_iface.c
  CC    /data/fwbuild-volumes/2.14.0/apps/doorlock/esp8266/build_contexts/build_ctx_709415434/deps/atca/cryptoauthlib/lib/basic/atca_basic.c
  CC    /data/fwbuild-volumes/2.14.0/apps/doorlock/esp8266/build_contexts/build_ctx_709415434/deps/atca/cryptoauthlib/lib/basic/atca_helpers.c
LD /data/fwbuild-volumes/2.14.0/apps/doorlock/esp8266/build_contexts/build_ctx_709415434/build/objs/rboot/rboot.elf
  CC    /data/fwbuild-volumes/2.14.0/apps/doorlock/esp8266/build_contexts/build_ctx_709415434/deps/atca/cryptoauthlib/lib/host/atca_host.c
  CC    /data/fwbuild-volumes/2.14.0/apps/doorlock/esp8266/build_contexts/build_ctx_709415434/deps/vfs-common/src/mgos_vfs.c
  CC    /data/fwbuild-volumes/2.14.0/apps/doorlock/esp8266/build_contexts/build_ctx_709415434/deps/vfs-common/src/mgos_vfs_dev.c
E2 /data/fwbuild-volumes/2.14.0/apps/doorlock/esp8266/build_contexts/build_ctx_709415434/build/objs/rboot/rboot.bin
  CC    ./src/core/netif.c
  CC    ./src/core/stats.c
  CC    /data/fwbuild-volumes/2.14.0/apps/doorlock/esp8266/build_contexts/build_ctx_709415434/deps/vfs-common/src/esp8266/esp_flash_writer.c
  CC    /data/fwbuild-volumes/2.14.0/apps/doorlock/esp8266/build_contexts/build_ctx_709415434/deps/vfs-common/src/mgos_vfs_internal.c
  CC    ./src/core/timers.c
  CC    ./src/core/mdns.c
  CC    /data/fwbuild-volumes/2.14.0/apps/doorlock/esp8266/build_contexts/build_ctx_709415434/deps/vfs-common/src/esp8266/esp_fs.c
  CC    ./src/core/udp.c
  CC    /data/fwbuild-volumes/2.14.0/apps/doorlock/esp8266/build_contexts/build_ctx_709415434/deps/vfs-common/src/esp8266/esp_vfs_dev_sysflash.c
  CC    ./src/core/tcp_out.c
  CC    ./src/core/ipv4/ip_frag.c
  CC    /data/fwbuild-volumes/2.14.0/apps/doorlock/esp8266/build_contexts/build_ctx_709415434/deps/vfs-dev-part/src/mgos_vfs_dev_part.c
  CC    /data/fwbuild-volumes/2.14.0/apps/doorlock/esp8266/build_contexts/build_ctx_709415434/deps/vfs-fs-spiffs/src/mgos_vfs_fs_spiffs.c
  CC    /data/fwbuild-volumes/2.14.0/apps/doorlock/esp8266/build_contexts/build_ctx_709415434/deps/vfs-fs-spiffs/src/spiffs/spiffs_cache.c
  CC    ./src/core/ipv4/inet.c
  CC    ./src/core/ipv4/ip_addr.c
  CC    /data/fwbuild-volumes/2.14.0/apps/doorlock/esp8266/build_contexts/build_ctx_709415434/deps/vfs-fs-spiffs/src/spiffs/spiffs_check.c
  CC    /data/fwbuild-volumes/2.14.0/apps/doorlock/esp8266/build_contexts/build_ctx_709415434/deps/vfs-fs-spiffs/src/spiffs/spiffs_gc.c
  CC    ./src/core/ipv4/igmp.c
  CC    /data/fwbuild-volumes/2.14.0/apps/doorlock/esp8266/build_contexts/build_ctx_709415434/deps/vfs-fs-spiffs/src/spiffs/spiffs_hydrogen.c
  CC    ./src/core/ipv4/ip.c
  CC    /data/fwbuild-volumes/2.14.0/apps/doorlock/esp8266/build_contexts/build_ctx_709415434/deps/vfs-fs-spiffs/src/spiffs/spiffs_nucleus.c
  CC    /data/fwbuild-volumes/2.14.0/apps/doorlock/esp8266/build_contexts/build_ctx_709415434/deps/core/src/mgos_core.c
  CC    ./src/core/ipv4/autoip.c
  CC    ./src/core/ipv4/inet_chksum.c
  CC    ./src/core/ipv4/icmp.c
  CC    /data/fwbuild-volumes/2.14.0/apps/doorlock/esp8266/build_contexts/build_ctx_709415434/deps/core/src/esp8266/esp_rboot.c
  CC    /data/fwbuild-volumes/2.14.0/apps/doorlock/esp8266/build_contexts/build_ctx_709415434/deps/blynk/src/mgos_blynk.c
  CC    ./src/api/netbuf.c
  CC    /data/fwbuild-volumes/2.14.0/apps/doorlock/esp8266/build_contexts/build_ctx_709415434/deps/http-server/src/mgos_http_server.c
  CC    /data/fwbuild-volumes/2.14.0/apps/doorlock/esp8266/build_contexts/build_ctx_709415434/deps/mjs/src/mos_mjs.c
  CC    ./src/api/api_lib.c
  CC    /data/fwbuild-volumes/2.14.0/apps/doorlock/esp8266/build_contexts/build_ctx_709415434/deps/modules/mjs/mjs.c
  CC    ./src/api/netifapi.c
  CC    ./src/api/netdb.c
  CC    ./src/api/tcpip.c
  CC    ./src/api/err.c
  CC    /data/fwbuild-volumes/2.14.0/apps/doorlock/esp8266/build_contexts/build_ctx_709415434/deps/mjs/esp8266/src/esp8266_mjs.c
  CC    ./src/api/api_msg.c
  CC    /data/fwbuild-volumes/2.14.0/apps/doorlock/esp8266/build_contexts/build_ctx_709415434/deps/provision/src/mgos_provision.c
  CC    /data/fwbuild-volumes/2.14.0/apps/doorlock/esp8266/build_contexts/build_ctx_709415434/deps/provision/src/mgos_provision_btn.c
  CC    ./src/api/sockets.c
  CC    ./espressif/app/espconn.c
  CC    ./espressif/app/espconn_buf.c
  CC    /data/fwbuild-volumes/2.14.0/apps/doorlock/esp8266/build_contexts/build_ctx_709415434/deps/provision/src/mgos_provision_led.c
  CC    /data/fwbuild-volumes/2.14.0/apps/doorlock/esp8266/build_contexts/build_ctx_709415434/deps/provision/src/mgos_provision_state.c
  CC    ./espressif/app/netio.c
  CC    ./espressif/app/espconn_tcp.c
  CC    /data/fwbuild-volumes/2.14.0/apps/doorlock/esp8266/build_contexts/build_ctx_709415434/deps/rpc-common/src/mg_rpc.c
  CC    /data/fwbuild-volumes/2.14.0/apps/doorlock/esp8266/build_contexts/build_ctx_709415434/deps/rpc-common/src/mg_rpc_channel.c
  CC    ./espressif/app/dhcpserver.c
  CC    ./espressif/app/ping.c
  CC    ./espressif/app/espconn_mdns.c
  CC    /data/fwbuild-volumes/2.14.0/apps/doorlock/esp8266/build_contexts/build_ctx_709415434/deps/rpc-common/src/mg_rpc_channel_http.c
  CC    ./espressif/app/espconn_udp.c
  CC    /data/fwbuild-volumes/2.14.0/apps/doorlock/esp8266/build_contexts/build_ctx_709415434/deps/rpc-common/src/mgos_rpc.c
  CC    /data/fwbuild-volumes/2.14.0/apps/doorlock/esp8266/build_contexts/build_ctx_709415434/deps/rpc-service-config/src/mgos_service_config.c
  CC    /data/fwbuild-volumes/2.14.0/apps/doorlock/esp8266/build_contexts/build_ctx_709415434/deps/rpc-service-fs/src/mgos_service_filesystem.c
  CC    /data/fwbuild-volumes/2.14.0/apps/doorlock/esp8266/build_contexts/build_ctx_709415434/deps/wifi/src/mgos_wifi.c
  AR /data/fwbuild-volumes/2.14.0/apps/doorlock/esp8266/build_contexts/build_ctx_709415434/build/objs/lwip/liblwip_cs.a
  CC    /data/fwbuild-volumes/2.14.0/apps/doorlock/esp8266/build_contexts/build_ctx_709415434/deps/wifi/src/mjs_wifi.c
  CC    /data/fwbuild-volumes/2.14.0/apps/doorlock/esp8266/build_contexts/build_ctx_709415434/deps/wifi/src/esp8266/esp_wifi.c
make[1]: Leaving directory '/opt/Espressif/cs_lwip'
  CC    /data/fwbuild-volumes/2.14.0/apps/doorlock/esp8266/build_contexts/build_ctx_709415434/deps/rpc-service-wifi/src/mgos_rpc_service_wifi.c
CFLAGS_EXTRA=""
  CC    /data/fwbuild-volumes/2.14.0/apps/doorlock/esp8266/build_contexts/build_ctx_709415434/deps/rpc-uart/src/mgos_rpc_channel_uart.c
  CC    /data/fwbuild-volumes/2.14.0/apps/doorlock/esp8266/build_contexts/build_ctx_709415434/build/gen/ffi_exports.c
  CC    /data/fwbuild-volumes/2.14.0/apps/doorlock/esp8266/build_contexts/build_ctx_709415434/deps/modules/mongoose-os/src/common/cs_file.c
  CC    /data/fwbuild-volumes/2.14.0/apps/doorlock/esp8266/build_contexts/build_ctx_709415434/deps/modules/mongoose-os/src/common/cs_rbuf.c
  CC    /data/fwbuild-volumes/2.14.0/apps/doorlock/esp8266/build_contexts/build_ctx_709415434/deps/modules/mongoose-os/src/mgos_config_util.c
  CC    /data/fwbuild-volumes/2.14.0/apps/doorlock/esp8266/build_contexts/build_ctx_709415434/deps/modules/mongoose-os/src/mgos_core_dump.c
  CC    /data/fwbuild-volumes/2.14.0/apps/doorlock/esp8266/build_contexts/build_ctx_709415434/deps/modules/mongoose-os/src/mgos_dlsym.c
  CC    /data/fwbuild-volumes/2.14.0/apps/doorlock/esp8266/build_contexts/build_ctx_709415434/deps/modules/mongoose-os/src/mgos_event.c
  CC    /data/fwbuild-volumes/2.14.0/apps/doorlock/esp8266/build_contexts/build_ctx_709415434/deps/modules/mongoose-os/src/mgos_file_utils.c
  CC    /data/fwbuild-volumes/2.14.0/apps/doorlock/esp8266/build_contexts/build_ctx_709415434/deps/modules/mongoose-os/src/mgos_gpio.c
  CC    /data/fwbuild-volumes/2.14.0/apps/doorlock/esp8266/build_contexts/build_ctx_709415434/deps/modules/mongoose-os/src/mgos_hw_timers.c
  CC    /data/fwbuild-volumes/2.14.0/apps/doorlock/esp8266/build_contexts/build_ctx_709415434/deps/modules/mongoose-os/src/mgos_init.c
  CC    /data/fwbuild-volumes/2.14.0/apps/doorlock/esp8266/build_contexts/build_ctx_709415434/deps/modules/mongoose-os/src/mgos_time.c
  CC    /data/fwbuild-volumes/2.14.0/apps/doorlock/esp8266/build_contexts/build_ctx_709415434/deps/modules/mongoose-os/src/mgos_timers.c
  CC    /data/fwbuild-volumes/2.14.0/apps/doorlock/esp8266/build_contexts/build_ctx_709415434/deps/modules/mongoose-os/src/mgos_mmap_esp.c
  CC    /data/fwbuild-volumes/2.14.0/apps/doorlock/esp8266/build_contexts/build_ctx_709415434/deps/modules/mongoose-os/src/mgos_sys_config.c
  CC    /data/fwbuild-volumes/2.14.0/apps/doorlock/esp8266/build_contexts/build_ctx_709415434/build/gen/mgos_config.c
  CC    /data/fwbuild-volumes/2.14.0/apps/doorlock/esp8266/build_contexts/build_ctx_709415434/build/gen/mgos_ro_vars.c
  CC    /data/fwbuild-volumes/2.14.0/apps/doorlock/esp8266/build_contexts/build_ctx_709415434/deps/modules/mongoose-os/src/mgos_system.c
  CC    /data/fwbuild-volumes/2.14.0/apps/doorlock/esp8266/build_contexts/build_ctx_709415434/deps/modules/mongoose-os/src/mgos_uart.c
  CC    /data/fwbuild-volumes/2.14.0/apps/doorlock/esp8266/build_contexts/build_ctx_709415434/deps/modules/mongoose-os/src/mgos_utils.c
  CC    /data/fwbuild-volumes/2.14.0/apps/doorlock/esp8266/build_contexts/build_ctx_709415434/deps/modules/mongoose-os/src/common/cs_crc32.c
  CC    /data/fwbuild-volumes/2.14.0/apps/doorlock/esp8266/build_contexts/build_ctx_709415434/deps/modules/mongoose-os/platforms/esp8266/rboot/rboot/appcode/rboot-bigflash.c
  CC    /data/fwbuild-volumes/2.14.0/apps/doorlock/esp8266/build_contexts/build_ctx_709415434/deps/modules/mongoose-os/platforms/esp8266/rboot/rboot/appcode/rboot-api.c
  CC    /data/fwbuild-volumes/2.14.0/apps/doorlock/esp8266/build_contexts/build_ctx_709415434/deps/modules/mongoose-os/src/common/json_utils.c
  CC    /data/fwbuild-volumes/2.14.0/apps/doorlock/esp8266/build_contexts/build_ctx_709415434/deps/modules/mongoose-os/src/umm_malloc/umm_malloc.c
  CC    /data/fwbuild-volumes/2.14.0/apps/doorlock/esp8266/build_contexts/build_ctx_709415434/deps/modules/mongoose-os/src/frozen/frozen.c
  CC    /data/fwbuild-volumes/2.14.0/apps/doorlock/esp8266/build_contexts/build_ctx_709415434/deps/modules/mongoose-os/platforms/esp8266/src/esp_config.c
  CC    /data/fwbuild-volumes/2.14.0/apps/doorlock/esp8266/build_contexts/build_ctx_709415434/deps/modules/mongoose-os/platforms/esp8266/src/esp_coredump.c
  CC    /data/fwbuild-volumes/2.14.0/apps/doorlock/esp8266/build_contexts/build_ctx_709415434/deps/modules/mongoose-os/platforms/esp8266/src/esp_crypto.c
  CC    /data/fwbuild-volumes/2.14.0/apps/doorlock/esp8266/build_contexts/build_ctx_709415434/deps/modules/mongoose-os/platforms/esp8266/src/esp_debug.c
  CC    /data/fwbuild-volumes/2.14.0/apps/doorlock/esp8266/build_contexts/build_ctx_709415434/deps/modules/mongoose-os/platforms/esp8266/src/esp_exc.c
  CC    /data/fwbuild-volumes/2.14.0/apps/doorlock/esp8266/build_contexts/build_ctx_709415434/deps/modules/mongoose-os/platforms/esp8266/src/esp_gpio.c
  CC    /data/fwbuild-volumes/2.14.0/apps/doorlock/esp8266/build_contexts/build_ctx_709415434/deps/modules/mongoose-os/platforms/esp8266/src/esp_hal.c
  CC    /data/fwbuild-volumes/2.14.0/apps/doorlock/esp8266/build_contexts/build_ctx_709415434/deps/modules/mongoose-os/platforms/esp8266/src/esp_heap_trace.c
  CC    /data/fwbuild-volumes/2.14.0/apps/doorlock/esp8266/build_contexts/build_ctx_709415434/deps/modules/mongoose-os/platforms/esp8266/src/esp_hw_timers.c
  CC    /data/fwbuild-volumes/2.14.0/apps/doorlock/esp8266/build_contexts/build_ctx_709415434/deps/modules/mongoose-os/platforms/esp8266/src/esp_hw_wdt.c
  CC    /data/fwbuild-volumes/2.14.0/apps/doorlock/esp8266/build_contexts/build_ctx_709415434/deps/modules/mongoose-os/platforms/esp8266/src/esp_libc.c
  CC    /data/fwbuild-volumes/2.14.0/apps/doorlock/esp8266/build_contexts/build_ctx_709415434/deps/modules/mongoose-os/platforms/esp8266/src/esp_main.c
  CC    /data/fwbuild-volumes/2.14.0/apps/doorlock/esp8266/build_contexts/build_ctx_709415434/deps/modules/mongoose-os/platforms/esp8266/src/esp_periph.c
  CC    /data/fwbuild-volumes/2.14.0/apps/doorlock/esp8266/build_contexts/build_ctx_709415434/deps/modules/mongoose-os/platforms/esp8266/src/esp_uart.c
  CXX    /data/fwbuild-volumes/2.14.0/apps/doorlock/esp8266/build_contexts/build_ctx_709415434/deps/modules/mongoose-os/src/error_codes.cpp
  CC    /data/fwbuild-volumes/2.14.0/apps/doorlock/esp8266/build_contexts/build_ctx_709415434/deps/modules/mongoose-os/platforms/esp8266/src/esp_umm_malloc.c
  CXX    /data/fwbuild-volumes/2.14.0/apps/doorlock/esp8266/build_contexts/build_ctx_709415434/deps/modules/mongoose-os/src/status.cpp
  CC    /data/fwbuild-volumes/2.14.0/apps/doorlock/esp8266/build_contexts/build_ctx_709415434/deps/modules/mongoose-os/src/mgos_debug.c
  CC    /data/fwbuild-volumes/2.14.0/apps/doorlock/esp8266/build_contexts/build_ctx_709415434/deps/modules/mongoose-os/src/mgos_net.c
  CC    /data/fwbuild-volumes/2.14.0/apps/doorlock/esp8266/build_contexts/build_ctx_709415434/deps/modules/mongoose-os/src/mgos_bitbang.c
  CC    /data/fwbuild-volumes/2.14.0/apps/doorlock/esp8266/build_contexts/build_ctx_709415434/deps/modules/mongoose-os/platforms/esp8266/src/esp_exc_non_os.c
  AS    /data/fwbuild-volumes/2.14.0/apps/doorlock/esp8266/build_contexts/build_ctx_709415434/deps/modules/mongoose-os/platforms/esp8266/src/esp_exc_vectors.S -> /data/fwbuild-volumes/2.14.0/apps/doorlock/esp8266/build_contexts/build_ctx_709415434/build/objs/esp_exc_vectors.S.o
  AS    /data/fwbuild-volumes/2.14.0/apps/doorlock/esp8266/build_contexts/build_ctx_709415434/deps/modules/mongoose-os/platforms/esp8266/src/esp_nsleep100.S -> /data/fwbuild-volumes/2.14.0/apps/doorlock/esp8266/build_contexts/build_ctx_709415434/build/objs/esp_nsleep100.S.o
  CP    /data/fwbuild-volumes/2.14.0/apps/doorlock/esp8266/build_contexts/build_ctx_709415434/build/gen/conf0.json -> /data/fwbuild-volumes/2.14.0/apps/doorlock/esp8266/build_contexts/build_ctx_709415434/build/objs/fs
  CP    /data/fwbuild-volumes/2.14.0/apps/doorlock/esp8266/build_contexts/build_ctx_709415434/deps/ca-bundle/fs/ca.pem -> /data/fwbuild-volumes/2.14.0/apps/doorlock/esp8266/build_contexts/build_ctx_709415434/build/objs/fs
  CP    /data/fwbuild-volumes/2.14.0/apps/doorlock/esp8266/build_contexts/build_ctx_709415434/deps/mjs/fs/api_bitbang.js -> /data/fwbuild-volumes/2.14.0/apps/doorlock/esp8266/build_contexts/build_ctx_709415434/build/objs/fs
  CP    /data/fwbuild-volumes/2.14.0/apps/doorlock/esp8266/build_contexts/build_ctx_709415434/deps/mjs/fs/api_config.js -> /data/fwbuild-volumes/2.14.0/apps/doorlock/esp8266/build_contexts/build_ctx_709415434/build/objs/fs
  CP    /data/fwbuild-volumes/2.14.0/apps/doorlock/esp8266/build_contexts/build_ctx_709415434/deps/mjs/fs/api_events.js -> /data/fwbuild-volumes/2.14.0/apps/doorlock/esp8266/build_contexts/build_ctx_709415434/build/objs/fs
  CP    /data/fwbuild-volumes/2.14.0/apps/doorlock/esp8266/build_contexts/build_ctx_709415434/deps/mjs/fs/api_gpio.js -> /data/fwbuild-volumes/2.14.0/apps/doorlock/esp8266/build_contexts/build_ctx_709415434/build/objs/fs
  CP    /data/fwbuild-volumes/2.14.0/apps/doorlock/esp8266/build_contexts/build_ctx_709415434/deps/mjs/fs/api_http.js -> /data/fwbuild-volumes/2.14.0/apps/doorlock/esp8266/build_contexts/build_ctx_709415434/build/objs/fs
  CP    /data/fwbuild-volumes/2.14.0/apps/doorlock/esp8266/build_contexts/build_ctx_709415434/deps/mjs/fs/api_log.js -> /data/fwbuild-volumes/2.14.0/apps/doorlock/esp8266/build_contexts/build_ctx_709415434/build/objs/fs
  CP    /data/fwbuild-volumes/2.14.0/apps/doorlock/esp8266/build_contexts/build_ctx_709415434/deps/mjs/fs/api_net.js -> /data/fwbuild-volumes/2.14.0/apps/doorlock/esp8266/build_contexts/build_ctx_709415434/build/objs/fs
  CP    /data/fwbuild-volumes/2.14.0/apps/doorlock/esp8266/build_contexts/build_ctx_709415434/deps/mjs/fs/api_sys.js -> /data/fwbuild-volumes/2.14.0/apps/doorlock/esp8266/build_contexts/build_ctx_709415434/build/objs/fs
  CP    /data/fwbuild-volumes/2.14.0/apps/doorlock/esp8266/build_contexts/build_ctx_709415434/deps/mjs/fs/api_timer.js -> /data/fwbuild-volumes/2.14.0/apps/doorlock/esp8266/build_contexts/build_ctx_709415434/build/objs/fs
  CP    /data/fwbuild-volumes/2.14.0/apps/doorlock/esp8266/build_contexts/build_ctx_709415434/deps/mjs/fs/api_uart.js -> /data/fwbuild-volumes/2.14.0/apps/doorlock/esp8266/build_contexts/build_ctx_709415434/build/objs/fs
  CP    /data/fwbuild-volumes/2.14.0/apps/doorlock/esp8266/build_contexts/build_ctx_709415434/deps/mjs/fs/init.js -> /data/fwbuild-volumes/2.14.0/apps/doorlock/esp8266/build_contexts/build_ctx_709415434/build/objs/fs
  CP    /data/fwbuild-volumes/2.14.0/apps/doorlock/esp8266/build_contexts/build_ctx_709415434/deps/modules/mjs/mjs/lib/api_dataview.js -> /data/fwbuild-volumes/2.14.0/apps/doorlock/esp8266/build_contexts/build_ctx_709415434/build/objs/fs
  CP    /data/fwbuild-volumes/2.14.0/apps/doorlock/esp8266/build_contexts/build_ctx_709415434/deps/modules/mjs/mjs/lib/api_file.js -> /data/fwbuild-volumes/2.14.0/apps/doorlock/esp8266/build_contexts/build_ctx_709415434/build/objs/fs
  CP    /data/fwbuild-volumes/2.14.0/apps/doorlock/esp8266/build_contexts/build_ctx_709415434/deps/modules/mjs/mjs/lib/api_math.js -> /data/fwbuild-volumes/2.14.0/apps/doorlock/esp8266/build_contexts/build_ctx_709415434/build/objs/fs
  CP    /data/fwbuild-volumes/2.14.0/apps/doorlock/esp8266/build_contexts/build_ctx_709415434/deps/i2c/mjs_fs/api_i2c.js -> /data/fwbuild-volumes/2.14.0/apps/doorlock/esp8266/build_contexts/build_ctx_709415434/build/objs/fs
  CP    /data/fwbuild-volumes/2.14.0/apps/doorlock/esp8266/build_contexts/build_ctx_709415434/deps/blynk/mjs_fs/api_blynk.js -> /data/fwbuild-volumes/2.14.0/apps/doorlock/esp8266/build_contexts/build_ctx_709415434/build/objs/fs
  CP    /data/fwbuild-volumes/2.14.0/apps/doorlock/esp8266/build_contexts/build_ctx_709415434/deps/rpc-common/mjs_fs/api_rpc.js -> /data/fwbuild-volumes/2.14.0/apps/doorlock/esp8266/build_contexts/build_ctx_709415434/build/objs/fs
  CP    /data/fwbuild-volumes/2.14.0/apps/doorlock/esp8266/build_contexts/build_ctx_709415434/deps/wifi/mjs_fs/api_wifi.js -> /data/fwbuild-volumes/2.14.0/apps/doorlock/esp8266/build_contexts/build_ctx_709415434/build/objs/fs
  CP    /data/fwbuild-volumes/2.14.0/apps/doorlock/esp8266/build_contexts/build_ctx_709415434/deps/mjs/esp8266/fs/api_arch_uart.js -> /data/fwbuild-volumes/2.14.0/apps/doorlock/esp8266/build_contexts/build_ctx_709415434/build/objs/fs
  CP    /data/fwbuild-volumes/2.14.0/apps/doorlock/esp8266/build_contexts/build_ctx_709415434/deps/mjs/esp8266/fs/api_esp8266.js -> /data/fwbuild-volumes/2.14.0/apps/doorlock/esp8266/build_contexts/build_ctx_709415434/build/objs/fs
  CP    /data/fwbuild-volumes/2.14.0/apps/doorlock/esp8266/build_contexts/build_ctx_709415434/fs/.vscode -> /data/fwbuild-volumes/2.14.0/apps/doorlock/esp8266/build_contexts/build_ctx_709415434/build/objs/fs
cp: -r not specified; omitting directory '/data/fwbuild-volumes/2.14.0/apps/doorlock/esp8266/build_contexts/build_ctx_709415434/fs/.vscode'
  CP    /data/fwbuild-volumes/2.14.0/apps/doorlock/esp8266/build_contexts/build_ctx_709415434/fs/index.html -> /data/fwbuild-volumes/2.14.0/apps/doorlock/esp8266/build_contexts/build_ctx_709415434/build/objs/fs
  CP    /data/fwbuild-volumes/2.14.0/apps/doorlock/esp8266/build_contexts/build_ctx_709415434/fs/init.js -> /data/fwbuild-volumes/2.14.0/apps/doorlock/esp8266/build_contexts/build_ctx_709415434/build/objs/fs
  CP    /data/fwbuild-volumes/2.14.0/apps/doorlock/esp8266/build_contexts/build_ctx_709415434/fs/zepto.min.js -> /data/fwbuild-volumes/2.14.0/apps/doorlock/esp8266/build_contexts/build_ctx_709415434/build/objs/fs
  MKFS  /usr/local/bin/mkspiffs8 262144 4096 256 4096 /data/fwbuild-volumes/2.14.0/apps/doorlock/esp8266/build_contexts/build_ctx_709415434/build/objs/fs -> /data/fwbuild-volumes/2.14.0/apps/doorlock/esp8266/build_contexts/build_ctx_709415434/build/objs/fw_temp/fs.bin
     FS params: size=262144, bs=4096, ps=256, es=4096
       Adding init.js: 1233
       Adding api_net.js: 5122
       Adding zepto.min.js: 26387
       Adding api_i2c.js: 4880
       Adding api_wifi.js: 1020
       Adding api_http.js: 3812
       Adding api_events.js: 3857
       Adding api_config.js: 2170
       Adding api_rpc.js: 2792
       Adding api_file.js: 2105
       Adding api_math.js: 1890
       Adding api_gpio.js: 3571
       Adding api_timer.js: 1750
       Adding api_uart.js: 5772
       Adding api_bitbang.js: 815
       Adding api_arch_uart.js: 651
       Adding index.html: 10681
       Adding api_sys.js: 1652
       Adding api_log.js: 2005
       Adding api_blynk.js: 1820
       Adding api_esp8266.js: 231
       Adding ca.pem: 25586
       Adding api_dataview.js: 7433
       Adding conf0.json: 3
     FS stats : space total=233681, used=126755, free=106926
  GEN   /data/fwbuild-volumes/2.14.0/apps/doorlock/esp8266/build_contexts/build_ctx_709415434/build/gen/mg_build_info.c
  AR    /data/fwbuild-volumes/2.14.0/apps/doorlock/esp8266/build_contexts/build_ctx_709415434/build/objs/mongoose-os.a
  CC    /data/fwbuild-volumes/2.14.0/apps/doorlock/esp8266/build_contexts/build_ctx_709415434/build/gen/mg_build_info.c
  GEN   /data/fwbuild-volumes/2.14.0/apps/doorlock/esp8266/build_contexts/build_ctx_709415434/build/gen/build_info.c
fatal: not a git repository (or any parent up to mount point /)
Stopping at filesystem boundary (GIT_DISCOVERY_ACROSS_FILESYSTEM not set).
  CC    /data/fwbuild-volumes/2.14.0/apps/doorlock/esp8266/build_contexts/build_ctx_709415434/build/gen/build_info.c
  LD    /data/fwbuild-volumes/2.14.0/apps/doorlock/esp8266/build_contexts/build_ctx_709415434/build/objs/doorlock.elf
  FW    /data/fwbuild-volumes/2.14.0/apps/doorlock/esp8266/build_contexts/build_ctx_709415434/build/objs/doorlock.elf -> /data/fwbuild-volumes/2.14.0/apps/doorlock/esp8266/build_contexts/build_ctx_709415434/build/objs/doorlock.bin
  GEN    /data/fwbuild-volumes/2.14.0/apps/doorlock/esp8266/build_contexts/build_ctx_709415434/build/objs/fw_temp/manifest.json
  ZIP    /data/fwbuild-volumes/2.14.0/apps/doorlock/esp8266/build_contexts/build_ctx_709415434/build/fw/doorlock-esp8266-last.zip
     Adding /data/fwbuild-volumes/2.14.0/apps/doorlock/esp8266/build_contexts/build_ctx_709415434/build/objs/fw_temp/doorlock.bin
     Adding /data/fwbuild-volumes/2.14.0/apps/doorlock/esp8266/build_contexts/build_ctx_709415434/build/objs/fw_temp/esp_init_data_default_v08.bin
     Adding /data/fwbuild-volumes/2.14.0/apps/doorlock/esp8266/build_contexts/build_ctx_709415434/build/objs/fw_temp/fs.bin
     Adding /data/fwbuild-volumes/2.14.0/apps/doorlock/esp8266/build_contexts/build_ctx_709415434/build/objs/fw_temp/rboot.bin
  Built doorlock/esp8266 version 1.0 (20190630-042608)
make: Leaving directory '/app'
Success, built doorlock/esp8266 version 1.0 (20190630-042608).
Firmware saved to /data/fwbuild-volumes/2.14.0/apps/doorlock/esp8266/build_contexts/build_ctx_709415434/build/fw.zip
